Pre-clean successful: false
Date and time :Thu Apr 11 16:30:52 EDT 2024



*****************************************************

Analysing molecular symmetry:

*****************************************************


N2+ has 1 symmetrically non-redundant atoms


The symmetrically non-redundant atoms are:
[N1]

Point group of N2+: D2h

Generating symmetry operations for this group:
Reflection in the X-Y plane.
Reflection in the X-Z plane.
Reflection in the Y-Z plane.

Molecular charge is +1

Geometry employed (quoted in Angstroms in the centre of mass frame):
N 0.0000 0.0000 0.6791
N 0.0000 0.0000 -0.6791


Basis set used: DZP

******************************************************

Sorting and Ordering of Integrals

******************************************************

*******************************************************

Running Molpro

*******************************************************



*******************************************************

Running MPOUTRD

*******************************************************




Orbital Energies and Occupations.

SYM  1	ORB   1	 -441.56201 eV	2 OCC
SYM  5	ORB   1	 -441.53699 eV	2 OCC
SYM  1	ORB   2	  -46.55100 eV	2 OCC
SYM  5	ORB   2	  -33.33100 eV	2 OCC
SYM  2	ORB   1	  -25.13800 eV	2 OCC
SYM  3	ORB   1	  -25.13800 eV	2 OCC
SYM  1	ORB   3	  -14.56900 eV	1 OCC
SYM  6	ORB   1	   -9.75000 eV	0 OCC
SYM  7	ORB   1	   -9.75000 eV	0 OCC
SYM  5	ORB   3	   -0.28800 eV	0 OCC
SYM  5	ORB   4	    7.04800 eV	0 OCC
SYM  2	ORB   2	    8.25300 eV	0 OCC
SYM  3	ORB   2	    8.25300 eV	0 OCC
SYM  1	ORB   4	    8.36500 eV	0 OCC
SYM  6	ORB   2	   10.91200 eV	0 OCC
SYM  7	ORB   2	   10.91200 eV	0 OCC
SYM  1	ORB   5	   13.21100 eV	0 OCC
SYM  5	ORB   5	   27.21700 eV	0 OCC
SYM  2	ORB   3	   33.95700 eV	0 OCC
SYM  3	ORB   3	   33.95700 eV	0 OCC
SYM  1	ORB   6	   38.32700 eV	0 OCC
SYM  4	ORB   1	   38.32700 eV	0 OCC
SYM  5	ORB   6	   46.70600 eV	0 OCC
SYM  8	ORB   1	   46.70600 eV	0 OCC
SYM  1	ORB   7	   51.35100 eV	0 OCC
SYM  6	ORB   3	   60.01500 eV	0 OCC
SYM  7	ORB   3	   60.01500 eV	0 OCC
SYM  5	ORB   7	   64.29000 eV	0 OCC
SYM  1	ORB   8	  876.92999 eV	0 OCC
SYM  5	ORB   8	  883.40698 eV	0 OCC


Number of molecular orbitals per symmetry: [8, 3, 3, 1, 8, 3, 3, 1]

Quantum chemistry model: 

Suggested frozen orbitals: [1, 0, 0, 0, 1, 0, 0, 0]
Suggested complete active space: [3, 1, 1, 0, 4, 1, 1, 0]


**************************************************************

Orthogonalising molecular orbitals (Programme SWEDMOS)

**************************************************************


**************************************************************

Transforming intergrals (Programme SWTRMO)

**************************************************************


**************************************************************

Generating N2+ Target wavefunctions

**************************************************************

Running congen job: congen1.data

 *** TOTAL NUMBER OF GENERATED CSF'S FOR THE GROUND STATE IS   1144
*** This target calculation should not take long !

Running scatci job: ci1.data
Running congen job: congen2.data
Running scatci job: ci2.data
Running congen job: congen3.data
Running scatci job: ci3.data
Running congen job: congen4.data
Running scatci job: ci4.data
Running congen job: congen5.data
Running scatci job: ci5.data
Running congen job: congen6.data
Running scatci job: ci6.data
Running congen job: congen7.data
Running scatci job: ci7.data
Running congen job: congen8.data
Running scatci job: ci8.data
Running congen job: congen9.data
Running scatci job: ci9.data
Running congen job: congen10.data
Running scatci job: ci10.data
Running congen job: congen11.data
Running scatci job: ci11.data
Running congen job: congen12.data
Running scatci job: ci12.data
Running congen job: congen13.data
Running scatci job: ci13.data
Running congen job: congen14.data
Running scatci job: ci14.data
Running congen job: congen15.data
Running scatci job: ci15.data
Running congen job: congen16.data
Running scatci job: ci16.data

STATE ENERGIES FOR THE MOLECULAR TARGET ARE: 

   Energy (Hartree)                     State

 -108.496578314419          State No.   1 Doublet     AG        
 -108.155512147395          State No.   2 Doublet     AG        
 -108.107902911524          State No.   3 Doublet     AG        
 -108.070640048952          State No.   4 Doublet     AG        
 -108.069602372885          State No.   5 Doublet     AG        
 -108.054710383162          State No.   6 Doublet     AG        
 -108.008245027651          State No.   7 Doublet     AG        
 -107.992031399584          State No.   8 Doublet     AG        
 -107.971035149825          State No.   9 Doublet     AG        
 -107.929774342946          State No.  10 Doublet     AG        
 -107.905491585240          State No.  11 Doublet     AG        
 -107.862799348213          State No.  12 Doublet     AG        
 -107.838776594152          State No.  13 Doublet     AG        
 -107.762504659885          State No.  14 Doublet     AG        
 -108.490698611106          State No.  15 Doublet     B3U       
 -108.089061566849          State No.  16 Doublet     B3U       
 -108.058342854138          State No.  17 Doublet     B3U       
 -108.024099986031          State No.  18 Doublet     B3U       
 -108.001503722006          State No.  19 Doublet     B3U       
 -108.001323405806          State No.  20 Doublet     B3U       
 -107.980155916085          State No.  21 Doublet     B3U       
 -107.968564101325          State No.  22 Doublet     B3U       
 -107.927472835379          State No.  23 Doublet     B3U       
 -107.785337073010          State No.  24 Doublet     B3U       
 -107.778938315810          State No.  25 Doublet     B3U       
 -108.490698611106          State No.  26 Doublet     B2U       
 -108.089061566849          State No.  27 Doublet     B2U       
 -108.058342854138          State No.  28 Doublet     B2U       
 -108.024099986031          State No.  29 Doublet     B2U       
 -108.001503722006          State No.  30 Doublet     B2U       
 -108.001323405806          State No.  31 Doublet     B2U       
 -107.980155916085          State No.  32 Doublet     B2U       
 -107.968564101325          State No.  33 Doublet     B2U       
 -107.927472835379          State No.  34 Doublet     B2U       
 -107.785337073010          State No.  35 Doublet     B2U       
 -107.778938315809          State No.  36 Doublet     B2U       
 -108.107902911524          State No.  37 Doublet     B1G       
 -108.081223966243          State No.  38 Doublet     B1G       
 -108.070640048952          State No.  39 Doublet     B1G       
 -108.058280437098          State No.  40 Doublet     B1G       
 -108.054710383162          State No.  41 Doublet     B1G       
 -108.008245027651          State No.  42 Doublet     B1G       
 -107.971035149825          State No.  43 Doublet     B1G       
 -107.959095360344          State No.  44 Doublet     B1G       
 -107.907875668743          State No.  45 Doublet     B1G       
 -107.905491585240          State No.  46 Doublet     B1G       
 -107.838776594152          State No.  47 Doublet     B1G       
 -107.824798625594          State No.  48 Doublet     B1G       
 -107.789271780910          State No.  49 Doublet     B1G       
 -108.369026265438          State No.  50 Doublet     B1U       
 -108.252259057106          State No.  51 Doublet     B1U       
 -108.241869307342          State No.  52 Doublet     B1U       
 -108.234833550934          State No.  53 Doublet     B1U       
 -108.048191663666          State No.  54 Doublet     B1U       
 -107.944393197744          State No.  55 Doublet     B1U       
 -107.937158581525          State No.  56 Doublet     B1U       
 -107.902025059868          State No.  57 Doublet     B1U       
 -107.862747834932          State No.  58 Doublet     B1U       
 -107.828053996779          State No.  59 Doublet     B1U       
 -107.811100168856          State No.  60 Doublet     B1U       
 -107.809207020058          State No.  61 Doublet     B1U       
 -107.796847277764          State No.  62 Doublet     B1U       
 -107.765470024500          State No.  63 Doublet     B1U       
 -108.308041666950          State No.  64 Doublet     B2G       
 -108.262030613456          State No.  65 Doublet     B2G       
 -108.242454194951          State No.  66 Doublet     B2G       
 -108.221556847073          State No.  67 Doublet     B2G       
 -108.113500544146          State No.  68 Doublet     B2G       
 -107.939312320000          State No.  69 Doublet     B2G       
 -107.910938814967          State No.  70 Doublet     B2G       
 -107.853151835336          State No.  71 Doublet     B2G       
 -107.848853966081          State No.  72 Doublet     B2G       
 -107.814239905168          State No.  73 Doublet     B2G       
 -107.807426899099          State No.  74 Doublet     B2G       
 -107.797443939111          State No.  75 Doublet     B2G       
 -108.308041666950          State No.  76 Doublet     B3G       
 -108.262030613456          State No.  77 Doublet     B3G       
 -108.242454194951          State No.  78 Doublet     B3G       
 -108.221556847073          State No.  79 Doublet     B3G       
 -108.113500544146          State No.  80 Doublet     B3G       
 -107.939312320000          State No.  81 Doublet     B3G       
 -107.910938814967          State No.  82 Doublet     B3G       
 -107.853151835336          State No.  83 Doublet     B3G       
 -107.848853966081          State No.  84 Doublet     B3G       
 -107.814239905168          State No.  85 Doublet     B3G       
 -107.807426899099          State No.  86 Doublet     B3G       
 -107.797443939111          State No.  87 Doublet     B3G       
 -108.252259057106          State No.  88 Doublet     AU        
 -108.250823825648          State No.  89 Doublet     AU        
 -108.234833550934          State No.  90 Doublet     AU        
 -108.223145040933          State No.  91 Doublet     AU        
 -107.944393197744          State No.  92 Doublet     AU        
 -107.916347342005          State No.  93 Doublet     AU        
 -107.865510854282          State No.  94 Doublet     AU        
 -107.862747834932          State No.  95 Doublet     AU        
 -107.811100168856          State No.  96 Doublet     AU        
 -107.809207020058          State No.  97 Doublet     AU        
 -107.765470024500          State No.  98 Doublet     AU        
 -108.242909411863          State No.  99 Quartet     AG        
 -108.185824235647          State No. 100 Quartet     AG        
 -108.132667699651          State No. 101 Quartet     AG        
 -108.110599944839          State No. 102 Quartet     AG        
 -107.988455194327          State No. 103 Quartet     AG        
 -107.962975767144          State No. 104 Quartet     AG        
 -107.846575192339          State No. 105 Quartet     AG        
 -107.812476108968          State No. 106 Quartet     AG        
 -107.809958774794          State No. 107 Quartet     AG        
 -108.166613644936          State No. 108 Quartet     B3U       
 -108.098953416952          State No. 109 Quartet     B3U       
 -108.059222138910          State No. 110 Quartet     B3U       
 -107.882376666599          State No. 111 Quartet     B3U       
 -107.816127664526          State No. 112 Quartet     B3U       
 -107.799992289587          State No. 113 Quartet     B3U       
 -107.781083723306          State No. 114 Quartet     B3U       
 -107.775735609294          State No. 115 Quartet     B3U       
 -108.166613644936          State No. 116 Quartet     B2U       
 -108.098953416952          State No. 117 Quartet     B2U       
 -108.059222138910          State No. 118 Quartet     B2U       
 -107.882376666599          State No. 119 Quartet     B2U       
 -107.816127664526          State No. 120 Quartet     B2U       
 -107.799992289587          State No. 121 Quartet     B2U       
 -107.781083723306          State No. 122 Quartet     B2U       
 -107.775735609294          State No. 123 Quartet     B2U       
 -108.185824235647          State No. 124 Quartet     B1G       
 -108.163147951628          State No. 125 Quartet     B1G       
 -108.132667699651          State No. 126 Quartet     B1G       
 -108.095386779893          State No. 127 Quartet     B1G       
 -107.962975767144          State No. 128 Quartet     B1G       
 -107.950857858385          State No. 129 Quartet     B1G       
 -107.812476108968          State No. 130 Quartet     B1G       
 -108.385594395958          State No. 131 Quartet     B1U       
 -108.326055921527          State No. 132 Quartet     B1U       
 -107.967064871524          State No. 133 Quartet     B1U       
 -107.921617247435          State No. 134 Quartet     B1U       
 -107.895229737070          State No. 135 Quartet     B1U       
 -107.881892634966          State No. 136 Quartet     B1U       
 -108.341717189998          State No. 137 Quartet     B2G       
 -108.019607473932          State No. 138 Quartet     B2G       
 -107.983928972430          State No. 139 Quartet     B2G       
 -107.910970819188          State No. 140 Quartet     B2G       
 -107.898100093572          State No. 141 Quartet     B2G       
 -107.873694689454          State No. 142 Quartet     B2G       
 -107.857610535284          State No. 143 Quartet     B2G       
 -108.341717189998          State No. 144 Quartet     B3G       
 -108.019607473932          State No. 145 Quartet     B3G       
 -107.983928972430          State No. 146 Quartet     B3G       
 -107.910970819188          State No. 147 Quartet     B3G       
 -107.898100093572          State No. 148 Quartet     B3G       
 -107.873694689454          State No. 149 Quartet     B3G       
 -107.857610535284          State No. 150 Quartet     B3G       
 -108.326055921527          State No. 151 Quartet     AU        
 -108.300808173148          State No. 152 Quartet     AU        
 -108.001484464370          State No. 153 Quartet     AU        
 -107.967064871524          State No. 154 Quartet     AU        
 -107.928026873659          State No. 155 Quartet     AU        
 -107.895229737070          State No. 156 Quartet     AU        
 -107.877499667188          State No. 157 Quartet     AU        
 -107.812049425258          State No. 158 Quartet     AU        

See file results/SelectedTargetStates.txt for vertical excitation energies
 of the selected states in energy order.


*************************************************************

Vertical excitation energies in eV:

*************************************************************


Doublet  Ag 0.0
Doublet  B2u 0.16053899999991586
Doublet  B3u 0.16053899999991586
Quartet  B1u 3.0203100000001144
Doublet  B1u 3.4719960000000287
Quartet  B3g 4.21482899999994
Quartet  B2g 4.21482899999994
Quartet  B1u 4.639305000000111
Quartet  Au 4.639305000000111
Doublet  B3g 5.131805999999834




*******************************************************

Commencing the N+1 inner region scattering calculation

*******************************************************


************************************************************

program SWORD: sorting and ordering of molecular integrals

************************************************************


**************************************************************

program SWEDMOS: orthogonalisation of bound and continuum MOs

**************************************************************


****************************************************

program SWTRMO: transforming and ordering of integrals

****************************************************


**************************************************************

Generating scattering trial close-coupling wavefunctions

**************************************************************
Running congen job: congen1np1.data
Running scatci job: ci1np1.data

Running congen job: congen2np1.data
Running scatci job: ci2np1.data

Running congen job: congen3np1.data
Running scatci job: ci3np1.data

Running congen job: congen4np1.data
Running scatci job: ci4np1.data

Running congen job: congen5np1.data
Running scatci job: ci5np1.data

Running congen job: congen6np1.data
Running scatci job: ci6np1.data

Running congen job: congen7np1.data
Running scatci job: ci7np1.data

Running congen job: congen8np1.data
Running scatci job: ci8np1.data

Running congen job: congen9np1.data
Running scatci job: ci9np1.data

Running congen job: congen10np1.data
Running scatci job: ci10np1.data

Running congen job: congen11np1.data
Running scatci job: ci11np1.data

Running congen job: congen12np1.data
Running scatci job: ci12np1.data

Running congen job: congen13np1.data
Running scatci job: ci13np1.data

Running congen job: congen14np1.data
Running scatci job: ci14np1.data

Running congen job: congen15np1.data
Running scatci job: ci15np1.data

Running congen job: congen16np1.data
Running scatci job: ci16np1.data


Scattering state 1
Scattering state 2
Scattering state 3
Scattering state 4
Scattering state 5
Scattering state 6
Scattering state 7
Scattering state 8
Scattering state 9
Scattering state 10
Scattering state 11
Scattering state 12
Scattering state 13
Scattering state 14
Scattering state 15
Scattering state 16

R-Matrix generation for scattering state 1
R-Matrix generation for scattering state 2
R-Matrix generation for scattering state 3
R-Matrix generation for scattering state 4
R-Matrix generation for scattering state 5
R-Matrix generation for scattering state 6
R-Matrix generation for scattering state 7
R-Matrix generation for scattering state 8
R-Matrix generation for scattering state 9
R-Matrix generation for scattering state 10
R-Matrix generation for scattering state 11
R-Matrix generation for scattering state 12
R-Matrix generation for scattering state 13
R-Matrix generation for scattering state 14
R-Matrix generation for scattering state 15
R-Matrix generation for scattering state 16
Sorting phase shifts
Summing cross sections over the scattering symmetries: 
1Ag, 3Ag, 1B3u, 3B3u, 1B2u, 3B2u, 1B1g, 3B1g, 1B1u, 3B1u, 1B2g, 3B2g, 1B3g, 3B3g, 1Au, 3Au, 


Calculating born correction and adding to the summed cross section
*************************************************

Computing the Binary-Encounter-Bethe (BEB) ionisation cross section

*************************************************

By Koopman's theorem the ionisation energy of N2+ is 14.569 eV

BEB cross section written to /home/conner/soft/QNEE6.1/workspace/project/N2+_ES_CAS3_open5_16/results/xsec-beb.dat

*************************************************

Calculating the BE scaled born cross section

*************************************************

Ionisation energy from BEB =  14.569
State Number 	 Energy (eV) 	 Spin 	 Irrep 	 Dipole Transition Moment
State ... 01 / 10	000.000000000	Doublet	AG	0.0
State ... 02 / 10	000.160547169	Doublet	B2U	0.2175048
State ... 03 / 10	000.160547169	Doublet	B3U	-0.2175048
State ... 04 / 10	003.020463691	Quartet	B1U	0.0
State ... 05 / 10	003.472172675	Doublet	B1U	0.4902382
State ... 06 / 10	004.215043475	Quartet	B3G	0.0
State ... 07 / 10	004.215043475	Quartet	B2G	0.0
State ... 08 / 10	004.639541074	Quartet	B1U	0.0
State ... 09 / 10	004.639541074	Quartet	AU	0.0
State ... 10 / 10	005.132067136	Doublet	B3G	0.0
1
2
3

Number of Dipole allowed transitions: 3
Calculating rate coefficients and Arrhenius parameters


*****************************************************

!!!IMPORTANT PLEASE READ THE FOLLOWING CAREFULLY!!!

*****************************************************

end.message
Date and time :Thu Apr 11 16:55:22 EDT 2024

=====================================================
R-matrix calculation of e-N2+ scattering complete
=====================================================

All important target and scattering data may be found in:
/home/conner/soft/QNEE6.1/workspace/project/N2+_ES_CAS3_open5_16/results

=====================================================
N2+ Target Quantum Chemistry Results Files
=====================================================

Quantemol-N produces:

target electronic energies;
target ground state configuration;
target transition moments
target vertical excitation energies

For ground state electron configuration see file 'moen_message.txt';
for target energies see file(s) 'target.prop' or 'trg.energy';
for target transition moments see 'target-all.prop'
Molecule spherical polarisability and, where appropriate, the diagonal components of the polarisability (see file 'molecule.polarisability')
For target vertical excitation energies see file 'SelectedTargetStates.txt'

=====================================================
N2+ Scattering Results Files
=====================================================


Quantemol-N produces:

eigenphase shifts;
total cross sections;
ionisation cross section using the Binary-Encounter-Bethe model;
rates
target vertical excitation energies

For resonances see file 'reson_message'
For eigenphase sum data see files 'eigenp1.dat' and eigenp3.dat
For total cross section data see file 'xsec_1.dat'
electronic excitation cross section are in file 'xsec-exc.dat
For rates data see file 'rates.dat'
K-matrix files have suffixes .kmat, the prefix symbols are the scattering states
R-matrix files have suffixes .rmat, the prefix symbols are the scattering states
T-matrix files have suffixes .tmat, the prefix symbols are the scattering states
Channel files have suffixes .channel, the prefix symbols are the scattering states
