Pre-clean successful: false
Date and time :Mon Aug 12 09:37:54 EDT 2024



*****************************************************

Analysing molecular symmetry:

*****************************************************


N2+ has 1 symmetrically non-redundant atoms


The symmetrically non-redundant atoms are:
[N1]

Point group of N2+: D2h

Generating symmetry operations for this group:
Reflection in the X-Y plane.
Reflection in the X-Z plane.
Reflection in the Y-Z plane.

Molecular charge is +1

Geometry employed (quoted in Angstroms in the centre of mass frame):
N 0.0000 0.0000 0.7489
N 0.0000 0.0000 -0.7489


Basis set used: DZP

******************************************************

Sorting and Ordering of Integrals

******************************************************

*******************************************************

Running Molpro

*******************************************************



*******************************************************

Running MPOUTRD

*******************************************************




Orbital Energies and Occupations.

SYM  1	ORB   1	 -441.27100 eV	2 OCC
SYM  5	ORB   1	 -441.24899 eV	2 OCC
SYM  1	ORB   2	  -44.60500 eV	2 OCC
SYM  5	ORB   2	  -34.58600 eV	2 OCC
SYM  1	ORB   3	  -26.22100 eV	2 OCC
SYM  3	ORB   1	  -23.84300 eV	2 OCC
SYM  2	ORB   1	  -12.60000 eV	1 OCC
SYM  6	ORB   1	  -11.39100 eV	0 OCC
SYM  7	ORB   1	  -10.35900 eV	0 OCC
SYM  5	ORB   3	   -2.89300 eV	0 OCC
SYM  5	ORB   4	    7.57600 eV	0 OCC
SYM  2	ORB   2	    7.79300 eV	0 OCC
SYM  3	ORB   2	    8.48500 eV	0 OCC
SYM  1	ORB   4	    9.76300 eV	0 OCC
SYM  6	ORB   2	   10.49300 eV	0 OCC
SYM  7	ORB   2	   11.05600 eV	0 OCC
SYM  1	ORB   5	   13.71500 eV	0 OCC
SYM  5	ORB   5	   25.72300 eV	0 OCC
SYM  2	ORB   3	   33.89500 eV	0 OCC
SYM  3	ORB   3	   34.73800 eV	0 OCC
SYM  1	ORB   6	   39.05700 eV	0 OCC
SYM  4	ORB   1	   39.07800 eV	0 OCC
SYM  5	ORB   6	   44.88200 eV	0 OCC
SYM  8	ORB   1	   44.88200 eV	0 OCC
SYM  1	ORB   7	   46.55600 eV	0 OCC
SYM  6	ORB   3	   56.37700 eV	0 OCC
SYM  7	ORB   3	   57.23900 eV	0 OCC
SYM  5	ORB   7	   65.06000 eV	0 OCC
SYM  1	ORB   8	  877.66498 eV	0 OCC
SYM  5	ORB   8	  881.55103 eV	0 OCC


Number of molecular orbitals per symmetry: [8, 3, 3, 1, 8, 3, 3, 1]

Quantum chemistry model: 

Suggested frozen orbitals: [1, 0, 0, 0, 1, 0, 0, 0]
Suggested complete active space: [3, 1, 1, 0, 3, 1, 1, 0]


**************************************************************

Orthogonalising molecular orbitals (Programme SWEDMOS)

**************************************************************


**************************************************************

Transforming intergrals (Programme SWTRMO)

**************************************************************


**************************************************************

Generating N2+ Target wavefunctions

**************************************************************

Running congen job: congen1.data

 *** TOTAL NUMBER OF GENERATED CSF'S FOR THE GROUND STATE IS    308
*** This target calculation should not take long !

Running scatci job: ci1.data
Running congen job: congen2.data
Running scatci job: ci2.data
Running congen job: congen3.data
Running scatci job: ci3.data
Running congen job: congen4.data
Running scatci job: ci4.data
Running congen job: congen5.data
Running scatci job: ci5.data
Running congen job: congen6.data
Running scatci job: ci6.data
Running congen job: congen7.data
Running scatci job: ci7.data
Running congen job: congen8.data
Running scatci job: ci8.data
Running congen job: congen9.data
Running scatci job: ci9.data
Running congen job: congen10.data
Running scatci job: ci10.data
Running congen job: congen11.data
Running scatci job: ci11.data
Running congen job: congen12.data
Running scatci job: ci12.data
Running congen job: congen13.data
Running scatci job: ci13.data
Running congen job: congen14.data
Running scatci job: ci14.data
Running congen job: congen15.data
Running scatci job: ci15.data
Running congen job: congen16.data
Running scatci job: ci16.data

STATE ENERGIES FOR THE MOLECULAR TARGET ARE: 

   Energy (Hartree)                     State

 -108.420040984442          State No.   1 Doublet     AG        
 -108.173218695006          State No.   2 Doublet     AG        
 -108.140669818063          State No.   3 Doublet     AG        
 -108.096872850189          State No.   4 Doublet     AG        
 -108.055694140145          State No.   5 Doublet     AG        
 -108.048583029223          State No.   6 Doublet     AG        
 -108.044980099412          State No.   7 Doublet     AG        
 -108.035138089444          State No.   8 Doublet     AG        
 -107.960053183448          State No.   9 Doublet     AG        
 -107.955288116475          State No.  10 Doublet     AG        
 -107.912844855773          State No.  11 Doublet     AG        
 -107.883960905431          State No.  12 Doublet     AG        
 -107.882213644014          State No.  13 Doublet     AG        
 -107.876828741636          State No.  14 Doublet     AG        
 -107.849128687502          State No.  15 Doublet     AG        
 -107.794091828276          State No.  16 Doublet     AG        
 -107.735973567749          State No.  17 Doublet     AG        
 -107.705858205523          State No.  18 Doublet     AG        
 -107.693233852625          State No.  19 Doublet     AG        
 -108.425740200418          State No.  20 Doublet     B3U       
 -108.122795156877          State No.  21 Doublet     B3U       
 -108.089873608222          State No.  22 Doublet     B3U       
 -108.083518974072          State No.  23 Doublet     B3U       
 -108.063333634739          State No.  24 Doublet     B3U       
 -108.022203880197          State No.  25 Doublet     B3U       
 -107.989898819679          State No.  26 Doublet     B3U       
 -107.945089515067          State No.  27 Doublet     B3U       
 -107.923412414135          State No.  28 Doublet     B3U       
 -107.878054419043          State No.  29 Doublet     B3U       
 -107.848760126628          State No.  30 Doublet     B3U       
 -107.842442327142          State No.  31 Doublet     B3U       
 -107.835336869179          State No.  32 Doublet     B3U       
 -107.808681834340          State No.  33 Doublet     B3U       
 -107.766423301507          State No.  34 Doublet     B3U       
 -107.721402072044          State No.  35 Doublet     B3U       
 -107.695759551412          State No.  36 Doublet     B3U       
 -108.426686017019          State No.  37 Doublet     B2U       
 -108.124063194054          State No.  38 Doublet     B2U       
 -108.089866929880          State No.  39 Doublet     B2U       
 -108.082468424741          State No.  40 Doublet     B2U       
 -108.060610249981          State No.  41 Doublet     B2U       
 -108.022208777363          State No.  42 Doublet     B2U       
 -107.993035671987          State No.  43 Doublet     B2U       
 -107.943159500573          State No.  44 Doublet     B2U       
 -107.921269144917          State No.  45 Doublet     B2U       
 -107.879028265888          State No.  46 Doublet     B2U       
 -107.851121826025          State No.  47 Doublet     B2U       
 -107.842448153921          State No.  48 Doublet     B2U       
 -107.834358595270          State No.  49 Doublet     B2U       
 -107.808209769410          State No.  50 Doublet     B2U       
 -107.767424133449          State No.  51 Doublet     B2U       
 -107.720612880263          State No.  52 Doublet     B2U       
 -107.696718784762          State No.  53 Doublet     B2U       
 -108.140676007244          State No.  54 Doublet     B1G       
 -108.099575804735          State No.  55 Doublet     B1G       
 -108.096872886353          State No.  56 Doublet     B1G       
 -108.055512652803          State No.  57 Doublet     B1G       
 -108.048888883395          State No.  58 Doublet     B1G       
 -108.044474520922          State No.  59 Doublet     B1G       
 -107.960186289525          State No.  60 Doublet     B1G       
 -107.954682729224          State No.  61 Doublet     B1G       
 -107.938814878056          State No.  62 Doublet     B1G       
 -107.912914616462          State No.  63 Doublet     B1G       
 -107.905622941598          State No.  64 Doublet     B1G       
 -107.882351025881          State No.  65 Doublet     B1G       
 -107.849164454197          State No.  66 Doublet     B1G       
 -107.839380737129          State No.  67 Doublet     B1G       
 -107.705861837843          State No.  68 Doublet     B1G       
 -107.703659943348          State No.  69 Doublet     B1G       
 -108.320340481690          State No.  70 Doublet     B1U       
 -108.234087949419          State No.  71 Doublet     B1U       
 -108.205594515354          State No.  72 Doublet     B1U       
 -108.174525558694          State No.  73 Doublet     B1U       
 -108.056478450880          State No.  74 Doublet     B1U       
 -108.020977984025          State No.  75 Doublet     B1U       
 -108.007301798077          State No.  76 Doublet     B1U       
 -107.921583916887          State No.  77 Doublet     B1U       
 -107.916274479703          State No.  78 Doublet     B1U       
 -107.858330940663          State No.  79 Doublet     B1U       
 -107.847950928300          State No.  80 Doublet     B1U       
 -107.840871591372          State No.  81 Doublet     B1U       
 -107.817630797535          State No.  82 Doublet     B1U       
 -107.809750164410          State No.  83 Doublet     B1U       
 -107.771647900170          State No.  84 Doublet     B1U       
 -107.750806579162          State No.  85 Doublet     B1U       
 -107.714393113479          State No.  86 Doublet     B1U       
 -107.695772330126          State No.  87 Doublet     B1U       
 -108.303893422298          State No.  88 Doublet     B2G       
 -108.258658443366          State No.  89 Doublet     B2G       
 -108.237109546560          State No.  90 Doublet     B2G       
 -108.186780775707          State No.  91 Doublet     B2G       
 -108.132087967775          State No.  92 Doublet     B2G       
 -107.992785154875          State No.  93 Doublet     B2G       
 -107.919208217189          State No.  94 Doublet     B2G       
 -107.881771613242          State No.  95 Doublet     B2G       
 -107.881001257715          State No.  96 Doublet     B2G       
 -107.849407968162          State No.  97 Doublet     B2G       
 -107.817543248924          State No.  98 Doublet     B2G       
 -107.796611158443          State No.  99 Doublet     B2G       
 -107.766629102391          State No. 100 Doublet     B2G       
 -107.749622820107          State No. 101 Doublet     B2G       
 -107.717906243096          State No. 102 Doublet     B2G       
 -107.694966400362          State No. 103 Doublet     B2G       
 -108.305309695961          State No. 104 Doublet     B3G       
 -108.258656818898          State No. 105 Doublet     B3G       
 -108.234993479327          State No. 106 Doublet     B3G       
 -108.185219412543          State No. 107 Doublet     B3G       
 -108.132203293787          State No. 108 Doublet     B3G       
 -107.993802290405          State No. 109 Doublet     B3G       
 -107.917843355320          State No. 110 Doublet     B3G       
 -107.881774324733          State No. 111 Doublet     B3G       
 -107.880926496118          State No. 112 Doublet     B3G       
 -107.851180303873          State No. 113 Doublet     B3G       
 -107.818165426782          State No. 114 Doublet     B3G       
 -107.796148306802          State No. 115 Doublet     B3G       
 -107.766477064922          State No. 116 Doublet     B3G       
 -107.749622723928          State No. 117 Doublet     B3G       
 -107.718794626321          State No. 118 Doublet     B3G       
 -107.697213972802          State No. 119 Doublet     B3G       
 -108.234128041913          State No. 120 Doublet     AU        
 -108.224130909647          State No. 121 Doublet     AU        
 -108.205521369903          State No. 122 Doublet     AU        
 -108.203621542624          State No. 123 Doublet     AU        
 -108.021001943596          State No. 124 Doublet     AU        
 -107.992719585530          State No. 125 Doublet     AU        
 -107.920558036213          State No. 126 Doublet     AU        
 -107.916094347322          State No. 127 Doublet     AU        
 -107.848032720251          State No. 128 Doublet     AU        
 -107.831949662951          State No. 129 Doublet     AU        
 -107.817630863085          State No. 130 Doublet     AU        
 -107.809789628906          State No. 131 Doublet     AU        
 -107.774081595866          State No. 132 Doublet     AU        
 -107.771509428849          State No. 133 Doublet     AU        
 -107.714489821391          State No. 134 Doublet     AU        
 -107.709483651240          State No. 135 Doublet     AU        
 -107.695634080331          State No. 136 Doublet     AU        
 -108.225904063440          State No. 137 Quartet     AG        
 -108.203696027182          State No. 138 Quartet     AG        
 -108.123178306417          State No. 139 Quartet     AG        
 -108.100846184983          State No. 140 Quartet     AG        
 -108.027505732646          State No. 141 Quartet     AG        
 -107.996726920915          State No. 142 Quartet     AG        
 -107.948412528811          State No. 143 Quartet     AG        
 -107.944530768304          State No. 144 Quartet     AG        
 -107.871591312824          State No. 145 Quartet     AG        
 -107.771861618483          State No. 146 Quartet     AG        
 -107.745551574445          State No. 147 Quartet     AG        
 -107.710061838298          State No. 148 Quartet     AG        
 -108.164478037354          State No. 149 Quartet     B3U       
 -108.119006630395          State No. 150 Quartet     B3U       
 -108.043169544742          State No. 151 Quartet     B3U       
 -107.969793305763          State No. 152 Quartet     B3U       
 -107.915202559285          State No. 153 Quartet     B3U       
 -107.906740949487          State No. 154 Quartet     B3U       
 -107.879188251157          State No. 155 Quartet     B3U       
 -107.844850755030          State No. 156 Quartet     B3U       
 -107.790714641659          State No. 157 Quartet     B3U       
 -107.752147697280          State No. 158 Quartet     B3U       
 -107.736602145066          State No. 159 Quartet     B3U       
 -107.710663140052          State No. 160 Quartet     B3U       
 -107.698451632877          State No. 161 Quartet     B3U       
 -108.166403352841          State No. 162 Quartet     B2U       
 -108.119036584162          State No. 163 Quartet     B2U       
 -108.042339632851          State No. 164 Quartet     B2U       
 -107.970604724471          State No. 165 Quartet     B2U       
 -107.917989424909          State No. 166 Quartet     B2U       
 -107.906758929461          State No. 167 Quartet     B2U       
 -107.878094007780          State No. 168 Quartet     B2U       
 -107.844444190667          State No. 169 Quartet     B2U       
 -107.790074678048          State No. 170 Quartet     B2U       
 -107.754767920962          State No. 171 Quartet     B2U       
 -107.736602327480          State No. 172 Quartet     B2U       
 -107.711137535137          State No. 173 Quartet     B2U       
 -107.698629429402          State No. 174 Quartet     B2U       
 -108.203692667669          State No. 175 Quartet     B1G       
 -108.171178492847          State No. 176 Quartet     B1G       
 -108.100976268610          State No. 177 Quartet     B1G       
 -108.078950824212          State No. 178 Quartet     B1G       
 -107.996849598259          State No. 179 Quartet     B1G       
 -107.977789224331          State No. 180 Quartet     B1G       
 -107.946916555291          State No. 181 Quartet     B1G       
 -107.804508099439          State No. 182 Quartet     B1G       
 -107.745585492035          State No. 183 Quartet     B1G       
 -107.718222188728          State No. 184 Quartet     B1G       
 -108.363025140317          State No. 185 Quartet     B1U       
 -108.300549030090          State No. 186 Quartet     B1U       
 -107.977305751565          State No. 187 Quartet     B1U       
 -107.973733014380          State No. 188 Quartet     B1U       
 -107.948037231460          State No. 189 Quartet     B1U       
 -107.914907174462          State No. 190 Quartet     B1U       
 -107.768225445632          State No. 191 Quartet     B1U       
 -107.761117787342          State No. 192 Quartet     B1U       
 -107.729681174419          State No. 193 Quartet     B1U       
 -107.699441292838          State No. 194 Quartet     B1U       
 -107.692756824072          State No. 195 Quartet     B1U       
 -108.334005467620          State No. 196 Quartet     B2G       
 -108.070540352083          State No. 197 Quartet     B2G       
 -107.974016514208          State No. 198 Quartet     B2G       
 -107.912055675850          State No. 199 Quartet     B2G       
 -107.883758426434          State No. 200 Quartet     B2G       
 -107.882615312116          State No. 201 Quartet     B2G       
 -107.842844513727          State No. 202 Quartet     B2G       
 -107.811772505579          State No. 203 Quartet     B2G       
 -107.759676175780          State No. 204 Quartet     B2G       
 -107.746894568945          State No. 205 Quartet     B2G       
 -107.743413453832          State No. 206 Quartet     B2G       
 -107.712156064430          State No. 207 Quartet     B2G       
 -107.706887567854          State No. 208 Quartet     B2G       
 -108.337398153167          State No. 209 Quartet     B3G       
 -108.070507520814          State No. 210 Quartet     B3G       
 -107.973703622345          State No. 211 Quartet     B3G       
 -107.911251810899          State No. 212 Quartet     B3G       
 -107.883759186694          State No. 213 Quartet     B3G       
 -107.882656281752          State No. 214 Quartet     B3G       
 -107.845162763633          State No. 215 Quartet     B3G       
 -107.811870071484          State No. 216 Quartet     B3G       
 -107.761997871840          State No. 217 Quartet     B3G       
 -107.745536482460          State No. 218 Quartet     B3G       
 -107.743388754354          State No. 219 Quartet     B3G       
 -107.709386498026          State No. 220 Quartet     B3G       
 -107.705714047758          State No. 221 Quartet     B3G       
 -108.300588884336          State No. 222 Quartet     AU        
 -108.274013652829          State No. 223 Quartet     AU        
 -108.067461183560          State No. 224 Quartet     AU        
 -107.977186826012          State No. 225 Quartet     AU        
 -107.948418751135          State No. 226 Quartet     AU        
 -107.946993374984          State No. 227 Quartet     AU        
 -107.924263377855          State No. 228 Quartet     AU        
 -107.787832398560          State No. 229 Quartet     AU        
 -107.767975247207          State No. 230 Quartet     AU        
 -107.739021471988          State No. 231 Quartet     AU        
 -107.699390311961          State No. 232 Quartet     AU        

See file results/SelectedTargetStates.txt for vertical excitation energies
 of the selected states in energy order.


*************************************************************

Vertical excitation energies in eV:

*************************************************************


Doublet  B2u 0.0
Doublet  B3u 0.02720999999974325
Doublet  Ag 0.18230699999986513
Quartet  B1u 1.733276999999924
Quartet  B3g 2.4298529999998473
Quartet  B2g 2.522366999999825
Doublet  B1u 2.895143999999826
Doublet  B3g 3.3032939999998416
Doublet  B2g 3.341387999999946
Quartet  Au 3.4311809999998335




*******************************************************

Commencing the N+1 inner region scattering calculation

*******************************************************


************************************************************

program SWORD: sorting and ordering of molecular integrals

************************************************************


**************************************************************

program SWEDMOS: orthogonalisation of bound and continuum MOs

**************************************************************


****************************************************

program SWTRMO: transforming and ordering of integrals

****************************************************


**************************************************************

Generating scattering trial close-coupling wavefunctions

**************************************************************
Running congen job: congen1np1.data
Running scatci job: ci1np1.data

Running congen job: congen2np1.data
Running scatci job: ci2np1.data

Running congen job: congen3np1.data
Running scatci job: ci3np1.data

Running congen job: congen4np1.data
Running scatci job: ci4np1.data

Running congen job: congen5np1.data
Running scatci job: ci5np1.data

Running congen job: congen6np1.data
Running scatci job: ci6np1.data

Running congen job: congen7np1.data
Running scatci job: ci7np1.data

Running congen job: congen8np1.data
Running scatci job: ci8np1.data

Running congen job: congen9np1.data
Running scatci job: ci9np1.data

Running congen job: congen10np1.data
Running scatci job: ci10np1.data

Running congen job: congen11np1.data
Running scatci job: ci11np1.data

Running congen job: congen12np1.data
Running scatci job: ci12np1.data

Running congen job: congen13np1.data
Running scatci job: ci13np1.data

Running congen job: congen14np1.data
Running scatci job: ci14np1.data

Running congen job: congen15np1.data
Running scatci job: ci15np1.data

Running congen job: congen16np1.data
Running scatci job: ci16np1.data


Scattering state 1
Scattering state 2
Scattering state 3
Scattering state 4
Scattering state 5
Scattering state 6
Scattering state 7
Scattering state 8
Scattering state 9
Scattering state 10
Scattering state 11
Scattering state 12
Scattering state 13
Scattering state 14
Scattering state 15
Scattering state 16

R-Matrix generation for scattering state 1
R-Matrix generation for scattering state 2
R-Matrix generation for scattering state 3
R-Matrix generation for scattering state 4
R-Matrix generation for scattering state 5
R-Matrix generation for scattering state 6
R-Matrix generation for scattering state 7
R-Matrix generation for scattering state 8
R-Matrix generation for scattering state 9
R-Matrix generation for scattering state 10
R-Matrix generation for scattering state 11
R-Matrix generation for scattering state 12
R-Matrix generation for scattering state 13
R-Matrix generation for scattering state 14
R-Matrix generation for scattering state 15
R-Matrix generation for scattering state 16
Sorting phase shifts
Summing cross sections over the scattering symmetries: 
1Ag, 3Ag, 1B3u, 3B3u, 1B2u, 3B2u, 1B1g, 3B1g, 1B1u, 3B1u, 1B2g, 3B2g, 1B3g, 3B3g, 1Au, 3Au, 


Calculating born correction and adding to the summed cross section
*************************************************

Computing the Binary-Encounter-Bethe (BEB) ionisation cross section

*************************************************

By Koopman's theorem the ionisation energy of N2+ is 12.6 eV

BEB cross section written to /home/conner/soft/QNEE6.1/workspace/project/N2+_ES_CAS3_open5_23/results/xsec-beb.dat

*************************************************

Calculating the BE scaled born cross section

*************************************************

Ionisation energy from BEB =  12.6
State Number 	 Energy (eV) 	 Spin 	 Irrep 	 Dipole Transition Moment
State ... 01 / 10	000.000000000	Doublet	B2U	0.0
State ... 02 / 10	000.027211385	Doublet	B3U	0.150547
State ... 03 / 10	000.182316277	Doublet	AG	-0.1824335
State ... 04 / 10	001.733365199	Quartet	B1U	0.0
State ... 05 / 10	002.429976645	Quartet	B3G	0.0
State ... 06 / 10	002.522495352	Quartet	B2G	0.0
State ... 07 / 10	002.895291321	Doublet	B1U	0.0
State ... 08 / 10	003.303462090	Doublet	B3G	-0.2296152
State ... 09 / 10	003.341558029	Doublet	B2G	0.0
State ... 10 / 10	003.431355598	Quartet	AU	0.0
1
2
3

Number of Dipole allowed transitions: 3
Calculating rate coefficients and Arrhenius parameters


*****************************************************

!!!IMPORTANT PLEASE READ THE FOLLOWING CAREFULLY!!!

*****************************************************

end.message
Date and time :Mon Aug 12 09:53:27 EDT 2024

=====================================================
R-matrix calculation of e-N2+ scattering complete
=====================================================

All important target and scattering data may be found in:
/home/conner/soft/QNEE6.1/workspace/project/N2+_ES_CAS3_open5_23/results

=====================================================
N2+ Target Quantum Chemistry Results Files
=====================================================

Quantemol-N produces:

target electronic energies;
target ground state configuration;
target transition moments
target vertical excitation energies

For ground state electron configuration see file 'moen_message.txt';
for target energies see file(s) 'target.prop' or 'trg.energy';
for target transition moments see 'target-all.prop'
Molecule spherical polarisability and, where appropriate, the diagonal components of the polarisability (see file 'molecule.polarisability')
For target vertical excitation energies see file 'SelectedTargetStates.txt'

=====================================================
N2+ Scattering Results Files
=====================================================


Quantemol-N produces:

eigenphase shifts;
total cross sections;
ionisation cross section using the Binary-Encounter-Bethe model;
rates
target vertical excitation energies

For resonances see file 'reson_message'
For eigenphase sum data see files 'eigenp1.dat' and eigenp3.dat
For total cross section data see file 'xsec_1.dat'
electronic excitation cross section are in file 'xsec-exc.dat
For rates data see file 'rates.dat'
K-matrix files have suffixes .kmat, the prefix symbols are the scattering states
R-matrix files have suffixes .rmat, the prefix symbols are the scattering states
T-matrix files have suffixes .tmat, the prefix symbols are the scattering states
Channel files have suffixes .channel, the prefix symbols are the scattering states
