Pre-clean successful: true
Date and time :Wed Apr 10 15:17:10 EDT 2024



*****************************************************

Analysing molecular symmetry:

*****************************************************


N2+ has 1 symmetrically non-redundant atoms


The symmetrically non-redundant atoms are:
[N1]

Point group of N2+: D2h

Generating symmetry operations for this group:
Reflection in the X-Y plane.
Reflection in the X-Z plane.
Reflection in the Y-Z plane.

Molecular charge is +1

Geometry employed (quoted in Angstroms in the centre of mass frame):
N 0.0000 0.0000 0.5500
N 0.0000 0.0000 -0.5500


Basis set used: DZP

******************************************************

Sorting and Ordering of Integrals

******************************************************

*******************************************************

Running Molpro

*******************************************************



*******************************************************

Running MPOUTRD

*******************************************************




Orbital Energies and Occupations.

SYM  1	ORB   1	 -440.70200 eV	2 OCC
SYM  5	ORB   1	 -440.62299 eV	2 OCC
SYM  1	ORB   2	  -51.77000 eV	2 OCC
SYM  5	ORB   2	  -31.39100 eV	2 OCC
SYM  2	ORB   1	  -28.19600 eV	2 OCC
SYM  3	ORB   1	  -28.19600 eV	2 OCC
SYM  1	ORB   3	  -15.28300 eV	1 OCC
SYM  6	ORB   1	   -6.92000 eV	0 OCC
SYM  7	ORB   1	   -6.92000 eV	0 OCC
SYM  5	ORB   3	    2.97700 eV	0 OCC
SYM  1	ORB   4	    6.94200 eV	0 OCC
SYM  2	ORB   2	    7.15700 eV	0 OCC
SYM  3	ORB   2	    7.15700 eV	0 OCC
SYM  6	ORB   2	   11.50800 eV	0 OCC
SYM  7	ORB   2	   11.50800 eV	0 OCC
SYM  1	ORB   5	   12.75400 eV	0 OCC
SYM  5	ORB   4	   15.86400 eV	0 OCC
SYM  5	ORB   5	   30.70500 eV	0 OCC
SYM  1	ORB   6	   35.57300 eV	0 OCC
SYM  4	ORB   1	   35.57300 eV	0 OCC
SYM  2	ORB   3	   37.93000 eV	0 OCC
SYM  3	ORB   3	   37.93000 eV	0 OCC
SYM  5	ORB   6	   50.15900 eV	0 OCC
SYM  8	ORB   1	   50.15900 eV	0 OCC
SYM  1	ORB   7	   59.04900 eV	0 OCC
SYM  6	ORB   3	   67.16300 eV	0 OCC
SYM  7	ORB   3	   67.16300 eV	0 OCC
SYM  5	ORB   7	   72.22200 eV	0 OCC
SYM  1	ORB   8	  875.32202 eV	0 OCC
SYM  5	ORB   8	  893.56702 eV	0 OCC


Number of molecular orbitals per symmetry: [8, 3, 3, 1, 8, 3, 3, 1]

Quantum chemistry model: 

Suggested frozen orbitals: [1, 0, 0, 0, 1, 0, 0, 0]
Suggested complete active space: [4, 1, 1, 0, 3, 1, 1, 0]


**************************************************************

Orthogonalising molecular orbitals (Programme SWEDMOS)

**************************************************************


**************************************************************

Transforming intergrals (Programme SWTRMO)

**************************************************************


**************************************************************

Generating N2+ Target wavefunctions

**************************************************************

Running congen job: congen1.data

 *** TOTAL NUMBER OF GENERATED CSF'S FOR THE GROUND STATE IS   1164
*** This target calculation should not take long !

Running scatci job: ci1.data
Running congen job: congen2.data
Running scatci job: ci2.data
Running congen job: congen3.data
Running scatci job: ci3.data
Running congen job: congen4.data
Running scatci job: ci4.data
Running congen job: congen5.data
Running scatci job: ci5.data
Running congen job: congen6.data
Running scatci job: ci6.data
Running congen job: congen7.data
Running scatci job: ci7.data
Running congen job: congen8.data
Running scatci job: ci8.data
Running congen job: congen9.data
Running scatci job: ci9.data
Running congen job: congen10.data
Running scatci job: ci10.data
Running congen job: congen11.data
Running scatci job: ci11.data
Running congen job: congen12.data
Running scatci job: ci12.data
Running congen job: congen13.data
Running scatci job: ci13.data
Running congen job: congen14.data
Running scatci job: ci14.data
Running congen job: congen15.data
Running scatci job: ci15.data
Running congen job: congen16.data
Running scatci job: ci16.data

STATE ENERGIES FOR THE MOLECULAR TARGET ARE: 

   Energy (Hartree)                     State

 -108.516008729997          State No.   1 Doublet     AG        
 -107.993862006012          State No.   2 Doublet     AG        
 -107.977312206994          State No.   3 Doublet     AG        
 -107.922635482215          State No.   4 Doublet     AG        
 -107.806256215007          State No.   5 Doublet     AG        
 -108.458062362798          State No.   6 Doublet     B3U       
 -108.021565362239          State No.   7 Doublet     B3U       
 -107.867745556954          State No.   8 Doublet     B3U       
 -107.805112510518          State No.   9 Doublet     B3U       
 -107.797018616876          State No.  10 Doublet     B3U       
 -108.458062362798          State No.  11 Doublet     B2U       
 -108.021565362239          State No.  12 Doublet     B2U       
 -107.867745556954          State No.  13 Doublet     B2U       
 -107.805112510518          State No.  14 Doublet     B2U       
 -107.797018616876          State No.  15 Doublet     B2U       
 -107.985079932047          State No.  16 Doublet     B1G       
 -107.977312206993          State No.  17 Doublet     B1G       
 -107.922635482215          State No.  18 Doublet     B1G       
 -107.890155849998          State No.  19 Doublet     B1G       
 -108.390547670718          State No.  20 Doublet     B1U       
 -108.122741434158          State No.  21 Doublet     B1U       
 -108.110066416287          State No.  22 Doublet     B1U       
 -108.097591159140          State No.  23 Doublet     B1U       
 -107.784915243759          State No.  24 Doublet     B1U       
 -108.177211256883          State No.  25 Doublet     B2G       
 -108.107308487206          State No.  26 Doublet     B2G       
 -108.062649652688          State No.  27 Doublet     B2G       
 -108.040086612303          State No.  28 Doublet     B2G       
 -107.803806621463          State No.  29 Doublet     B2G       
 -107.786106366553          State No.  30 Doublet     B2G       
 -108.177211256883          State No.  31 Doublet     B3G       
 -108.107308487206          State No.  32 Doublet     B3G       
 -108.062649652688          State No.  33 Doublet     B3G       
 -108.040086612303          State No.  34 Doublet     B3G       
 -107.803806621463          State No.  35 Doublet     B3G       
 -107.786106366553          State No.  36 Doublet     B3G       
 -108.119022755471          State No.  37 Doublet     AU        
 -108.110066416287          State No.  38 Doublet     AU        
 -108.097591159140          State No.  39 Doublet     AU        
 -108.071284888761          State No.  40 Doublet     AU        
 -108.129003205749          State No.  41 Quartet     AG        
 -108.076494020130          State No.  42 Quartet     AG        
 -107.834022553592          State No.  43 Quartet     AG        
 -108.159648777069          State No.  44 Quartet     B3U       
 -107.861938110626          State No.  45 Quartet     B3U       
 -108.159648777069          State No.  46 Quartet     B2U       
 -107.861938110626          State No.  47 Quartet     B2U       
 -108.076494020130          State No.  48 Quartet     B1G       
 -108.054341719315          State No.  49 Quartet     B1G       
 -107.834022553592          State No.  50 Quartet     B1G       
 -107.796516651467          State No.  51 Quartet     B1G       
 -108.242254107677          State No.  52 Quartet     B1U       
 -108.192505659150          State No.  53 Quartet     B1U       
 -108.145165811275          State No.  54 Quartet     B2G       
 -107.834542005688          State No.  55 Quartet     B2G       
 -108.145165811275          State No.  56 Quartet     B3G       
 -107.834542005688          State No.  57 Quartet     B3G       
 -108.192505659150          State No.  58 Quartet     AU        
 -108.168394737917          State No.  59 Quartet     AU        

See file results/SelectedTargetStates.txt for vertical excitation energies
 of the selected states in energy order.


*************************************************************

Vertical excitation energies in eV:

*************************************************************


Doublet  Ag 0.0
Doublet  B3u 1.5754590000000985
Doublet  B2u 1.5754590000000985
Doublet  B1u 3.414855000000065
Quartet  B1u 7.447377000000141
Quartet  Au 8.80243500000027
Quartet  B1u 8.80243500000027
Doublet  B2g 9.218748000000168
Doublet  B3g 9.218748000000168
Quartet  Au 9.458195999999997




*******************************************************

Commencing the N+1 inner region scattering calculation

*******************************************************


************************************************************

program SWORD: sorting and ordering of molecular integrals

************************************************************


**************************************************************

program SWEDMOS: orthogonalisation of bound and continuum MOs

**************************************************************


****************************************************

program SWTRMO: transforming and ordering of integrals

****************************************************


**************************************************************

Generating scattering trial close-coupling wavefunctions

**************************************************************
Running congen job: congen1np1.data
Running scatci job: ci1np1.data

Running congen job: congen2np1.data
Running scatci job: ci2np1.data

Running congen job: congen3np1.data
Running scatci job: ci3np1.data

Running congen job: congen4np1.data
Running scatci job: ci4np1.data

Running congen job: congen5np1.data
Running scatci job: ci5np1.data

Running congen job: congen6np1.data
Running scatci job: ci6np1.data

Running congen job: congen7np1.data
Running scatci job: ci7np1.data

Running congen job: congen8np1.data
Running scatci job: ci8np1.data

Running congen job: congen9np1.data
Running scatci job: ci9np1.data

Running congen job: congen10np1.data
Running scatci job: ci10np1.data

Running congen job: congen11np1.data
Running scatci job: ci11np1.data

Running congen job: congen12np1.data
Running scatci job: ci12np1.data

Running congen job: congen13np1.data
Running scatci job: ci13np1.data

Running congen job: congen14np1.data
Running scatci job: ci14np1.data

Running congen job: congen15np1.data
Running scatci job: ci15np1.data

Running congen job: congen16np1.data
Running scatci job: ci16np1.data


Scattering state 1
Scattering state 2
Scattering state 3
Scattering state 4
Scattering state 5
Scattering state 6
Scattering state 7
Scattering state 8
Scattering state 9
Scattering state 10
Scattering state 11
Scattering state 12
Scattering state 13
Scattering state 14
Scattering state 15
Scattering state 16

R-Matrix generation for scattering state 1
R-Matrix generation for scattering state 2
R-Matrix generation for scattering state 3
R-Matrix generation for scattering state 4
R-Matrix generation for scattering state 5
R-Matrix generation for scattering state 6
R-Matrix generation for scattering state 7
R-Matrix generation for scattering state 8
R-Matrix generation for scattering state 9
R-Matrix generation for scattering state 10
R-Matrix generation for scattering state 11
R-Matrix generation for scattering state 12
R-Matrix generation for scattering state 13
R-Matrix generation for scattering state 14
R-Matrix generation for scattering state 15
R-Matrix generation for scattering state 16
Sorting phase shifts
Summing cross sections over the scattering symmetries: 
1Ag, 3Ag, 1B3u, 3B3u, 1B2u, 3B2u, 1B1g, 3B1g, 1B1u, 3B1u, 1B2g, 3B2g, 1B3g, 3B3g, 1Au, 3Au, 


Calculating born correction and adding to the summed cross section
*************************************************

Computing the Binary-Encounter-Bethe (BEB) ionisation cross section

*************************************************

By Koopman's theorem the ionisation energy of N2+ is 15.283 eV

BEB cross section written to /home/conner/soft/QNEE6.1/workspace/project/N2+_ES_CAS3_open5_05/results/xsec-beb.dat

*************************************************

Calculating the BE scaled born cross section

*************************************************

Ionisation energy from BEB =  15.283
State Number 	 Energy (eV) 	 Spin 	 Irrep 	 Dipole Transition Moment
State ... 01 / 10	000.000000000	Doublet	AG	0.0
State ... 02 / 10	001.575539168	Doublet	B3U	0.2791417
State ... 03 / 10	001.575539168	Doublet	B2U	0.2791417
State ... 04 / 10	003.415028767	Doublet	B1U	-0.7058508
State ... 05 / 10	007.447755965	Quartet	B1U	0.0
State ... 06 / 10	008.802882918	Quartet	AU	0.0
State ... 07 / 10	008.802882918	Quartet	B1U	0.0
State ... 08 / 10	009.219217102	Doublet	B2G	0.0
State ... 09 / 10	009.219217102	Doublet	B3G	0.0
State ... 10 / 10	009.458677287	Quartet	AU	0.0
1
2
3

Number of Dipole allowed transitions: 3
Calculating rate coefficients and Arrhenius parameters


*****************************************************

!!!IMPORTANT PLEASE READ THE FOLLOWING CAREFULLY!!!

*****************************************************

end.message
Date and time :Wed Apr 10 15:39:29 EDT 2024

=====================================================
R-matrix calculation of e-N2+ scattering complete
=====================================================

All important target and scattering data may be found in:
/home/conner/soft/QNEE6.1/workspace/project/N2+_ES_CAS3_open5_05/results

=====================================================
N2+ Target Quantum Chemistry Results Files
=====================================================

Quantemol-N produces:

target electronic energies;
target ground state configuration;
target transition moments
target vertical excitation energies

For ground state electron configuration see file 'moen_message.txt';
for target energies see file(s) 'target.prop' or 'trg.energy';
for target transition moments see 'target-all.prop'
Molecule spherical polarisability and, where appropriate, the diagonal components of the polarisability (see file 'molecule.polarisability')
For target vertical excitation energies see file 'SelectedTargetStates.txt'

=====================================================
N2+ Scattering Results Files
=====================================================


Quantemol-N produces:

eigenphase shifts;
total cross sections;
ionisation cross section using the Binary-Encounter-Bethe model;
rates
target vertical excitation energies

For resonances see file 'reson_message'
For eigenphase sum data see files 'eigenp1.dat' and eigenp3.dat
For total cross section data see file 'xsec_1.dat'
electronic excitation cross section are in file 'xsec-exc.dat
For rates data see file 'rates.dat'
K-matrix files have suffixes .kmat, the prefix symbols are the scattering states
R-matrix files have suffixes .rmat, the prefix symbols are the scattering states
T-matrix files have suffixes .tmat, the prefix symbols are the scattering states
Channel files have suffixes .channel, the prefix symbols are the scattering states
