 ----------------------------------------------------------------------------------------------------
 READING S-MATRIX IN...
 ----------------------------------------------------------------------------------------------------
 ----------------------------------------------------------------------------------------------------
 EXTRACTING DIPOLE DATA...
 ----------------------------------------------------------------------------------------------------
 R str: 1.80
 ./New_Rmat_data/R-1.80/photoionization-amplitudes-A1.dat
 ./New_Rmat_data/R-1.80/photoionization-amplitudes-A2.dat
 ./New_Rmat_data/R-1.80/photoionization-amplitudes-B1.dat
 R str: 1.90
 ./New_Rmat_data/R-1.90/photoionization-amplitudes-A1.dat
 ./New_Rmat_data/R-1.90/photoionization-amplitudes-A2.dat
 ./New_Rmat_data/R-1.90/photoionization-amplitudes-B1.dat
 R str: 2.00
 ./New_Rmat_data/R-2.00/photoionization-amplitudes-A1.dat
 ./New_Rmat_data/R-2.00/photoionization-amplitudes-A2.dat
 ./New_Rmat_data/R-2.00/photoionization-amplitudes-B1.dat
 R str: 2.10
 ./New_Rmat_data/R-2.10/photoionization-amplitudes-A1.dat
 ./New_Rmat_data/R-2.10/photoionization-amplitudes-A2.dat
 ./New_Rmat_data/R-2.10/photoionization-amplitudes-B1.dat
 R str: 2.20
 ./New_Rmat_data/R-2.20/photoionization-amplitudes-A1.dat
 ./New_Rmat_data/R-2.20/photoionization-amplitudes-A2.dat
 ./New_Rmat_data/R-2.20/photoionization-amplitudes-B1.dat
 R str: 2.30
 ./New_Rmat_data/R-2.30/photoionization-amplitudes-A1.dat
 ./New_Rmat_data/R-2.30/photoionization-amplitudes-A2.dat
 ./New_Rmat_data/R-2.30/photoionization-amplitudes-B1.dat
 R str: 2.40
 ./New_Rmat_data/R-2.40/photoionization-amplitudes-A1.dat
 ./New_Rmat_data/R-2.40/photoionization-amplitudes-A2.dat
 ./New_Rmat_data/R-2.40/photoionization-amplitudes-B1.dat
 R str: 2.50
 ./New_Rmat_data/R-2.50/photoionization-amplitudes-A1.dat
 ./New_Rmat_data/R-2.50/photoionization-amplitudes-A2.dat
 ./New_Rmat_data/R-2.50/photoionization-amplitudes-B1.dat
 R str: 2.60
 ./New_Rmat_data/R-2.60/photoionization-amplitudes-A1.dat
 ./New_Rmat_data/R-2.60/photoionization-amplitudes-A2.dat
 ./New_Rmat_data/R-2.60/photoionization-amplitudes-B1.dat
 R str: 2.70
 ./New_Rmat_data/R-2.70/photoionization-amplitudes-A1.dat
 ./New_Rmat_data/R-2.70/photoionization-amplitudes-A2.dat
 ./New_Rmat_data/R-2.70/photoionization-amplitudes-B1.dat
 R str: 2.80
 ./New_Rmat_data/R-2.80/photoionization-amplitudes-A1.dat
 ./New_Rmat_data/R-2.80/photoionization-amplitudes-A2.dat
 ./New_Rmat_data/R-2.80/photoionization-amplitudes-B1.dat
 R str: 2.90
 ./New_Rmat_data/R-2.90/photoionization-amplitudes-A1.dat
 ./New_Rmat_data/R-2.90/photoionization-amplitudes-A2.dat
 ./New_Rmat_data/R-2.90/photoionization-amplitudes-B1.dat
 R str: 3.00
 ./New_Rmat_data/R-3.00/photoionization-amplitudes-A1.dat
 ./New_Rmat_data/R-3.00/photoionization-amplitudes-A2.dat
 ./New_Rmat_data/R-3.00/photoionization-amplitudes-B1.dat
 ----------------------------------------------------------------------------------------------------
 UNITARITY CHECK...
 ----------------------------------------------------------------------------------------------------
 ----------------------------------------------------------------------------------------------------
 DOCTORING DIPOLE DATA...
 ----------------------------------------------------------------------------------------------------
           1           0           0
           1           1          -1
           1           1           0
           1           1           1
           1           2          -2
           1           2          -1
           1           2           0
           1           2           1
           1           2           2
           1           3          -3
           1           3          -2
           1           3          -1
           1           3           0
           1           3           1
           1           3           2
           1           3           3
           1           4          -4
           1           4          -3
           1           4          -2
           1           4          -1
           1           4           0
           1           4           1
           1           4           2
           1           4           3
           1           4           4
           2           0           0
           2           1          -1
           2           1           0
           2           1           1
           2           2          -2
           2           2          -1
           2           2           0
           2           2           1
           2           2           2
           2           3          -3
           2           3          -2
           2           3          -1
           2           3           0
           2           3           1
           2           3           2
           2           3           3
           2           4          -4
           2           4          -3
           2           4          -2
           2           4          -1
           2           4           0
           2           4           1
           2           4           2
           2           4           3
           2           4           4
           3           0           0
           3           1          -1
           3           1           0
           3           1           1
           3           2          -2
           3           2          -1
           3           2           0
           3           2           1
           3           2           2
           3           3          -3
           3           3          -2
           3           3          -1
           3           3           0
           3           3           1
           3           3           2
           3           3           3
           3           4          -4
           3           4          -3
           3           4          -2
           3           4          -1
           3           4           0
           3           4           1
           3           4           2
           3           4           3
           3           4           4
 ----------------------------------------------------------------------------------------------------
 GET INTERPOLATED DIPOLE DATA...
 ----------------------------------------------------------------------------------------------------
   1.5000000000000000        1.5999999973509047        1.6999999947018094        1.7999999920527139        1.8999999894036188        1.9999999867545233        2.0999999841054278        2.1999999814563327        2.2999999788072376        2.3999999761581421        2.4999999735090466        2.5999999708599515        2.6999999682108560        2.7999999655617609        2.8999999629126654        2.9999999602635699        3.0999999576144748        3.1999999549653797        3.2999999523162842     
 ----------------------------------------------------------------------------------------------------
 EXTRACTING WAVEFUNCTION VALUES...
 ----------------------------------------------------------------------------------------------------
           2
           3
           4
           2
           3
           4
           2
           3
           4
           2
           3
           4
           2
           3
           4
           2
           3
           4
           2
           3
           4
           2
           3
           4
           2
           3
           4
           2
           3
           4
           2
           3
           4
           2
           3
           4
           2
           3
           4
           2
           3
           4
           2
           3
           4
           2
           3
           4
           2
           3
           4
           2
           3
           4
           2
           3
           4
           3
           3
           3
           3
           3
           3
           3
           3
           3
           3
           3
           3
           3
           3
           3
           3
           3
           3
           3
           3
           3
           3
           3
           3
           3
           3
           3
           3
           3
           3
           3
           3
           3
           3
           3
           3
           3
           3
           3
           3
           3
           3
           3
           3
           3
           3
           3
           3
           3
           3
           3
           3
           3
           3
           3
           3
           3
           3
           3
           3
           3
           3
           3
           3
           3
           3
           3
           3
           3
           3
           3
           3
           3
           3
           3
           3
           3
           3
           3
           3
           3
           3
           3
           3
           3
           3
           3
           3
           3
           3
           3
           3
           3
           3
           3
           3
           3
           3
           3
           3
           3
           3
           3
           3
           3
           3
           3
           3
           3
           3
           3
           3
           3
           3
           3
           3
           3
           3
           3
           3
           3
           3
           3
           3
           3
           3
           3
           3
           3
           3
           3
           3
           3
           3
           3
           3
           3
           3
           3
           3
           3
           3
           3
           3
           3
           3
           3
           3
           3
           3
           3
           3
           3
           3
           3
           3
           3
           3
           3
           3
           3
           3
           3
           3
           3
           3
           3
           3
           3
           3
           3
           3
           3
           3
           3
           3
           3
           3
           3
           3
           3
           3
           3
           3
           3
           3
           3
           3
           3
           3
           3
           3
           3
           3
           3
           3
           3
           3
           3
           3
           3
           3
           3
           3
           3
           3
           3
           3
           3
           3
           3
           3
           3
           3
           3
           3
           3
           3
           3
           3
           3
           3
           3
           3
           3
           3
           3
           3
           3
           3
           3
           3
           3
           3
           3
           3
           3
           3
           3
           3
           3
           3
           3
           3
           3
           3
           3
           3
           3
           3
           3
           3
           3
           3
           3
           3
           3
           3
           3
           3
           3
           3
           3
           3
           3
           3
           3
           3
           3
           3
           3
           3
           3
           3
           3
           3
           3
           3
           3
           3
           3
           3
           3
           3
           3
 ----------------------------------------------------------------------------------------------------
 APPROXIMATING INTEGRAL...
 ----------------------------------------------------------------------------------------------------
 ----------------------------------------------------------------------------------------------------
 CHANNEL ELIMINATION...
 ----------------------------------------------------------------------------------------------------
 Reading channel energies...
 
 		GROUND STATE ENERGIES
 
 	   n	       v	         Threshold
 _____________________________________________________________________
 
           1           0 	  -4.0697568290875470      (eV)
           1           1 	  -3.7304245329698698      (eV)
           1           2 	  -3.4055434474289328      (eV)
At line 915 of file src/TCS_MultTargSt.f90
Fortran runtime error: Index '0' of dimension 1 of array 'quant_nums' below lower bound of 1

Error termination. Backtrace:
#0  0x7f988de23960 in ???
#1  0x7f988de244d9 in ???
#2  0x7f988de24ad6 in ???
#3  0x561e59716116 in dip_moment
	at src/TCS_MultTargSt.f90:915
#4  0x561e59718012 in main
	at src/TCS_MultTargSt.f90:3
           1           3 	  -3.0949498555185184      (eV)
           1           4 	  -2.7984975779615620      (eV)
 
 		EXCITED STATE ENERGIES
 
 	   n	       v	         Threshold
 _____________________________________________________________________
 
           2           0 	  -2.8724406928336599      (eV)
           3           0 	  -2.8724406928336599      (eV)
           3           1 	  -2.5590223756840800      (eV)
           2           1 	  -2.5590223756840800      (eV)
           3           2 	  -2.2651673548723279      (eV)
           2           2 	  -2.2651673548723279      (eV)
           2           3 	  -1.9908129550692206      (eV)
           3           3 	  -1.9908129550692206      (eV)
           3           4 	  -1.7358260148148101      (eV)
           2           4 	  -1.7358260148148101      (eV)
 
 HALF WAY SUM
 __________________________
   7.2925811742778519     
 
 
 HALF WAY SUM
 __________________________
  0.13805526325902975     
 
 
 HALF WAY SUM
 __________________________
  0.70255445477745193     
 
       30000           2
 Using         6000  points for convolution grid
 Using         6000  points for convolution grid
       30000           2
 Using         6000  points for convolution grid
 Using         6000  points for convolution grid
       30000           2
 Using         6000  points for convolution grid
 Using         6000  points for convolution grid
       30000           2
 Using         6000  points for convolution grid
 Using         6000  points for convolution grid
       30000           2
 Using         6000  points for convolution grid
 Using         6000  points for convolution grid
       30000           2
 Using         6000  points for convolution grid
 Using         6000  points for convolution grid
