Pre-clean successful: false
Date and time :Wed Apr 10 14:34:46 EDT 2024



*****************************************************

Analysing molecular symmetry:

*****************************************************


N2+ has 1 symmetrically non-redundant atoms


The symmetrically non-redundant atoms are:
[N1]

Point group of N2+: D2h

Generating symmetry operations for this group:
Reflection in the X-Y plane.
Reflection in the X-Z plane.
Reflection in the Y-Z plane.

Molecular charge is +1

Geometry employed (quoted in Angstroms in the centre of mass frame):
N 0.0000 0.0000 0.5379
N 0.0000 0.0000 -0.5379


Basis set used: DZP

******************************************************

Sorting and Ordering of Integrals

******************************************************

*******************************************************

Running Molpro

*******************************************************



*******************************************************

Running MPOUTRD

*******************************************************




Orbital Energies and Occupations.

SYM  1	ORB   1	 -440.62000 eV	2 OCC
SYM  5	ORB   1	 -440.52499 eV	2 OCC
SYM  1	ORB   2	  -52.33800 eV	2 OCC
SYM  5	ORB   2	  -31.20900 eV	2 OCC
SYM  2	ORB   1	  -28.55800 eV	2 OCC
SYM  3	ORB   1	  -28.55800 eV	2 OCC
SYM  1	ORB   3	  -15.34000 eV	1 OCC
SYM  6	ORB   1	   -6.58800 eV	0 OCC
SYM  7	ORB   1	   -6.58800 eV	0 OCC
SYM  5	ORB   3	    3.04200 eV	0 OCC
SYM  1	ORB   4	    6.82200 eV	0 OCC
SYM  2	ORB   2	    7.00700 eV	0 OCC
SYM  3	ORB   2	    7.00700 eV	0 OCC
SYM  6	ORB   2	   11.60800 eV	0 OCC
SYM  7	ORB   2	   11.60800 eV	0 OCC
SYM  1	ORB   5	   12.75700 eV	0 OCC
SYM  5	ORB   4	   17.23000 eV	0 OCC
SYM  5	ORB   5	   31.08900 eV	0 OCC
SYM  1	ORB   6	   35.32600 eV	0 OCC
SYM  4	ORB   1	   35.32600 eV	0 OCC
SYM  2	ORB   3	   38.52600 eV	0 OCC
SYM  3	ORB   3	   38.52600 eV	0 OCC
SYM  5	ORB   6	   50.55600 eV	0 OCC
SYM  8	ORB   1	   50.55600 eV	0 OCC
SYM  1	ORB   7	   59.26900 eV	0 OCC
SYM  6	ORB   3	   67.85200 eV	0 OCC
SYM  7	ORB   3	   67.85200 eV	0 OCC
SYM  5	ORB   7	   73.82700 eV	0 OCC
SYM  1	ORB   8	  875.15399 eV	0 OCC
SYM  5	ORB   8	  894.75403 eV	0 OCC


Number of molecular orbitals per symmetry: [8, 3, 3, 1, 8, 3, 3, 1]

Quantum chemistry model: 

Suggested frozen orbitals: [1, 0, 0, 0, 1, 0, 0, 0]
Suggested complete active space: [4, 1, 1, 0, 3, 1, 1, 0]


**************************************************************

Orthogonalising molecular orbitals (Programme SWEDMOS)

**************************************************************


**************************************************************

Transforming intergrals (Programme SWTRMO)

**************************************************************


**************************************************************

Generating N2+ Target wavefunctions

**************************************************************

Running congen job: congen1.data

 *** TOTAL NUMBER OF GENERATED CSF'S FOR THE GROUND STATE IS   1164
*** This target calculation should not take long !

Running scatci job: ci1.data
Running congen job: congen2.data
Running scatci job: ci2.data
Running congen job: congen3.data
Running scatci job: ci3.data
Running congen job: congen4.data
Running scatci job: ci4.data
Running congen job: congen5.data
Running scatci job: ci5.data
Running congen job: congen6.data
Running scatci job: ci6.data
Running congen job: congen7.data
Running scatci job: ci7.data
Running congen job: congen8.data
Running scatci job: ci8.data
Running congen job: congen9.data
Running scatci job: ci9.data
Running congen job: congen10.data
Running scatci job: ci10.data
Running congen job: congen11.data
Running scatci job: ci11.data
Running congen job: congen12.data
Running scatci job: ci12.data
Running congen job: congen13.data
Running scatci job: ci13.data
Running congen job: congen14.data
Running scatci job: ci14.data
Running congen job: congen15.data
Running scatci job: ci15.data
Running congen job: congen16.data
Running scatci job: ci16.data

STATE ENERGIES FOR THE MOLECULAR TARGET ARE: 

   Energy (Hartree)                     State

 -108.509375483984          State No.   1 Doublet     AG        
 -107.971276487157          State No.   2 Doublet     AG        
 -107.955263731527          State No.   3 Doublet     AG        
 -107.900651152291          State No.   4 Doublet     AG        
 -108.445357279739          State No.   5 Doublet     B3U       
 -108.007230637452          State No.   6 Doublet     B3U       
 -107.845191885181          State No.   7 Doublet     B3U       
 -108.445357279739          State No.   8 Doublet     B2U       
 -108.007230637452          State No.   9 Doublet     B2U       
 -107.845191885181          State No.  10 Doublet     B2U       
 -107.963361462964          State No.  11 Doublet     B1G       
 -107.955263731527          State No.  12 Doublet     B1G       
 -107.900651152291          State No.  13 Doublet     B1G       
 -107.868213779464          State No.  14 Doublet     B1G       
 -108.388989394369          State No.  15 Doublet     B1U       
 -108.095235442218          State No.  16 Doublet     B1U       
 -108.082824477811          State No.  17 Doublet     B1U       
 -108.069218288633          State No.  18 Doublet     B1U       
 -108.159670218609          State No.  19 Doublet     B2G       
 -108.071988039084          State No.  20 Doublet     B2G       
 -108.026810903004          State No.  21 Doublet     B2G       
 -108.005919347926          State No.  22 Doublet     B2G       
 -107.781425784851          State No.  23 Doublet     B2G       
 -108.159670218609          State No.  24 Doublet     B3G       
 -108.071988039084          State No.  25 Doublet     B3G       
 -108.026810903004          State No.  26 Doublet     B3G       
 -108.005919347926          State No.  27 Doublet     B3G       
 -107.781425784851          State No.  28 Doublet     B3G       
 -108.091577304059          State No.  29 Doublet     AU        
 -108.082824477812          State No.  30 Doublet     AU        
 -108.069218288633          State No.  31 Doublet     AU        
 -108.042759189332          State No.  32 Doublet     AU        
 -108.106849522291          State No.  33 Quartet     AG        
 -108.055157876726          State No.  34 Quartet     AG        
 -107.782422131286          State No.  35 Quartet     AG        
 -108.148476315377          State No.  36 Quartet     B3U       
 -107.824455786108          State No.  37 Quartet     B3U       
 -108.148476315377          State No.  38 Quartet     B2U       
 -107.824455786108          State No.  39 Quartet     B2U       
 -108.055157876726          State No.  40 Quartet     B1G       
 -108.032749867276          State No.  41 Quartet     B1G       
 -107.782422131286          State No.  42 Quartet     B1G       
 -108.214051638014          State No.  43 Quartet     B1U       
 -108.164920911684          State No.  44 Quartet     B1U       
 -108.109781681368          State No.  45 Quartet     B2G       
 -107.803097862512          State No.  46 Quartet     B2G       
 -108.109781681368          State No.  47 Quartet     B3G       
 -107.803097862512          State No.  48 Quartet     B3G       
 -108.164920911684          State No.  49 Quartet     AU        
 -108.140837979767          State No.  50 Quartet     AU        

See file results/SelectedTargetStates.txt for vertical excitation energies
 of the selected states in energy order.


*************************************************************

Vertical excitation energies in eV:

*************************************************************


Doublet  Ag 0.0
Doublet  B3u 1.7414399999998083
Doublet  B2u 1.7414399999998083
Doublet  B1u 3.2760840000000986
Quartet  B1u 8.035112999999932
Quartet  B1u 9.373844999999905
Quartet  Au 9.373844999999905
Doublet  B2g 9.515336999999962
Doublet  B3g 9.515336999999962
Quartet  B3u 9.820089000000024




*******************************************************

Commencing the N+1 inner region scattering calculation

*******************************************************


************************************************************

program SWORD: sorting and ordering of molecular integrals

************************************************************


**************************************************************

program SWEDMOS: orthogonalisation of bound and continuum MOs

**************************************************************


****************************************************

program SWTRMO: transforming and ordering of integrals

****************************************************


**************************************************************

Generating scattering trial close-coupling wavefunctions

**************************************************************
Running congen job: congen1np1.data
Running scatci job: ci1np1.data

Running congen job: congen2np1.data
Running scatci job: ci2np1.data

Running congen job: congen3np1.data
Running scatci job: ci3np1.data

Running congen job: congen4np1.data
Running scatci job: ci4np1.data

Running congen job: congen5np1.data
Running scatci job: ci5np1.data

Running congen job: congen6np1.data
Running scatci job: ci6np1.data

Running congen job: congen7np1.data
Running scatci job: ci7np1.data

Running congen job: congen8np1.data
Running scatci job: ci8np1.data

Running congen job: congen9np1.data
Running scatci job: ci9np1.data

Running congen job: congen10np1.data
Running scatci job: ci10np1.data

Running congen job: congen11np1.data
Running scatci job: ci11np1.data

Running congen job: congen12np1.data
Running scatci job: ci12np1.data

Running congen job: congen13np1.data
Running scatci job: ci13np1.data

Running congen job: congen14np1.data
Running scatci job: ci14np1.data

Running congen job: congen15np1.data
Running scatci job: ci15np1.data

Running congen job: congen16np1.data
Running scatci job: ci16np1.data


Scattering state 1
Scattering state 2
Scattering state 3
Scattering state 4
Scattering state 5
Scattering state 6
Scattering state 7
Scattering state 8
Scattering state 9
Scattering state 10
Scattering state 11
Scattering state 12
Scattering state 13
Scattering state 14
Scattering state 15
Scattering state 16

R-Matrix generation for scattering state 1
R-Matrix generation for scattering state 2
R-Matrix generation for scattering state 3
R-Matrix generation for scattering state 4
R-Matrix generation for scattering state 5
R-Matrix generation for scattering state 6
R-Matrix generation for scattering state 7
R-Matrix generation for scattering state 8
R-Matrix generation for scattering state 9
R-Matrix generation for scattering state 10
R-Matrix generation for scattering state 11
R-Matrix generation for scattering state 12
R-Matrix generation for scattering state 13
R-Matrix generation for scattering state 14
R-Matrix generation for scattering state 15
R-Matrix generation for scattering state 16
Sorting phase shifts
Summing cross sections over the scattering symmetries: 
1Ag, 3Ag, 1B3u, 3B3u, 1B2u, 3B2u, 1B1g, 3B1g, 1B1u, 3B1u, 1B2g, 3B2g, 1B3g, 3B3g, 1Au, 3Au, 


Calculating born correction and adding to the summed cross section
*************************************************

Computing the Binary-Encounter-Bethe (BEB) ionisation cross section

*************************************************

By Koopman's theorem the ionisation energy of N2+ is 15.34 eV

BEB cross section written to /home/conner/soft/QNEE6.1/workspace/project/N2+_ES_CAS3_open5_04/results/xsec-beb.dat

*************************************************

Calculating the BE scaled born cross section

*************************************************

Ionisation energy from BEB =  15.34
State Number 	 Energy (eV) 	 Spin 	 Irrep 	 Dipole Transition Moment
State ... 01 / 10	000.000000000	Doublet	AG	0.0
State ... 02 / 10	001.741528614	Doublet	B3U	0.2839111
State ... 03 / 10	001.741528614	Doublet	B2U	0.2839111
State ... 04 / 10	003.276250706	Doublet	B1U	0.7229622
State ... 05 / 10	008.035521872	Quartet	B1U	0.0
State ... 06 / 10	009.374321995	Quartet	B1U	0.0
State ... 07 / 10	009.374321995	Quartet	AU	0.0
State ... 08 / 10	009.515821195	Doublet	B2G	0.0
State ... 09 / 10	009.515821195	Doublet	B3G	0.0
State ... 10 / 10	009.820588702	Quartet	B3U	0.0
1
2
3

Number of Dipole allowed transitions: 3
Calculating rate coefficients and Arrhenius parameters


*****************************************************

!!!IMPORTANT PLEASE READ THE FOLLOWING CAREFULLY!!!

*****************************************************

end.message
Date and time :Wed Apr 10 14:57:56 EDT 2024

=====================================================
R-matrix calculation of e-N2+ scattering complete
=====================================================

All important target and scattering data may be found in:
/home/conner/soft/QNEE6.1/workspace/project/N2+_ES_CAS3_open5_04/results

=====================================================
N2+ Target Quantum Chemistry Results Files
=====================================================

Quantemol-N produces:

target electronic energies;
target ground state configuration;
target transition moments
target vertical excitation energies

For ground state electron configuration see file 'moen_message.txt';
for target energies see file(s) 'target.prop' or 'trg.energy';
for target transition moments see 'target-all.prop'
Molecule spherical polarisability and, where appropriate, the diagonal components of the polarisability (see file 'molecule.polarisability')
For target vertical excitation energies see file 'SelectedTargetStates.txt'

=====================================================
N2+ Scattering Results Files
=====================================================


Quantemol-N produces:

eigenphase shifts;
total cross sections;
ionisation cross section using the Binary-Encounter-Bethe model;
rates
target vertical excitation energies

For resonances see file 'reson_message'
For eigenphase sum data see files 'eigenp1.dat' and eigenp3.dat
For total cross section data see file 'xsec_1.dat'
electronic excitation cross section are in file 'xsec-exc.dat
For rates data see file 'rates.dat'
K-matrix files have suffixes .kmat, the prefix symbols are the scattering states
R-matrix files have suffixes .rmat, the prefix symbols are the scattering states
T-matrix files have suffixes .tmat, the prefix symbols are the scattering states
Channel files have suffixes .channel, the prefix symbols are the scattering states
