Pre-clean successful: true
Date and time :Wed Apr 10 16:25:49 EDT 2024



*****************************************************

Analysing molecular symmetry:

*****************************************************


N2+ has 1 symmetrically non-redundant atoms


The symmetrically non-redundant atoms are:
[N1]

Point group of N2+: D2h

Generating symmetry operations for this group:
Reflection in the X-Y plane.
Reflection in the X-Z plane.
Reflection in the Y-Z plane.

Molecular charge is +1

Geometry employed (quoted in Angstroms in the centre of mass frame):
N 0.0000 0.0000 0.5733
N 0.0000 0.0000 -0.5733


Basis set used: DZP

******************************************************

Sorting and Ordering of Integrals

******************************************************

*******************************************************

Running Molpro

*******************************************************



*******************************************************

Running MPOUTRD

*******************************************************




Orbital Energies and Occupations.

SYM  1	ORB   1	 -440.87100 eV	2 OCC
SYM  5	ORB   1	 -440.81100 eV	2 OCC
SYM  1	ORB   2	  -50.70800 eV	2 OCC
SYM  5	ORB   2	  -31.74200 eV	2 OCC
SYM  2	ORB   1	  -27.54100 eV	2 OCC
SYM  3	ORB   1	  -27.54100 eV	2 OCC
SYM  1	ORB   3	  -15.17200 eV	1 OCC
SYM  6	ORB   1	   -7.52400 eV	0 OCC
SYM  7	ORB   1	   -7.52400 eV	0 OCC
SYM  5	ORB   3	    2.79700 eV	0 OCC
SYM  1	ORB   4	    7.18400 eV	0 OCC
SYM  2	ORB   2	    7.42100 eV	0 OCC
SYM  3	ORB   2	    7.42100 eV	0 OCC
SYM  6	ORB   2	   11.34200 eV	0 OCC
SYM  7	ORB   2	   11.34200 eV	0 OCC
SYM  1	ORB   5	   12.76800 eV	0 OCC
SYM  5	ORB   4	   13.41500 eV	0 OCC
SYM  5	ORB   5	   29.99800 eV	0 OCC
SYM  1	ORB   6	   36.06300 eV	0 OCC
SYM  4	ORB   1	   36.06300 eV	0 OCC
SYM  2	ORB   3	   36.88500 eV	0 OCC
SYM  3	ORB   3	   36.88500 eV	0 OCC
SYM  5	ORB   6	   49.42700 eV	0 OCC
SYM  8	ORB   1	   49.42700 eV	0 OCC
SYM  1	ORB   7	   58.31900 eV	0 OCC
SYM  6	ORB   3	   65.86500 eV	0 OCC
SYM  7	ORB   3	   65.86500 eV	0 OCC
SYM  5	ORB   7	   69.63900 eV	0 OCC
SYM  1	ORB   8	  875.70599 eV	0 OCC
SYM  5	ORB   8	  891.30902 eV	0 OCC


Number of molecular orbitals per symmetry: [8, 3, 3, 1, 8, 3, 3, 1]

Quantum chemistry model: 

Suggested frozen orbitals: [1, 0, 0, 0, 1, 0, 0, 0]
Suggested complete active space: [4, 1, 1, 0, 3, 1, 1, 0]


**************************************************************

Orthogonalising molecular orbitals (Programme SWEDMOS)

**************************************************************


**************************************************************

Transforming intergrals (Programme SWTRMO)

**************************************************************


**************************************************************

Generating N2+ Target wavefunctions

**************************************************************

Running congen job: congen1.data

 *** TOTAL NUMBER OF GENERATED CSF'S FOR THE GROUND STATE IS   1164
*** This target calculation should not take long !

Running scatci job: ci1.data
Running congen job: congen2.data
Running scatci job: ci2.data
Running congen job: congen3.data
Running scatci job: ci3.data
Running congen job: congen4.data
Running scatci job: ci4.data
Running congen job: congen5.data
Running scatci job: ci5.data
Running congen job: congen6.data
Running scatci job: ci6.data
Running congen job: congen7.data
Running scatci job: ci7.data
Running congen job: congen8.data
Running scatci job: ci8.data
Running congen job: congen9.data
Running scatci job: ci9.data
Running congen job: congen10.data
Running scatci job: ci10.data
Running congen job: congen11.data
Running scatci job: ci11.data
Running congen job: congen12.data
Running scatci job: ci12.data
Running congen job: congen13.data
Running scatci job: ci13.data
Running congen job: congen14.data
Running scatci job: ci14.data
Running congen job: congen15.data
Running scatci job: ci15.data
Running congen job: congen16.data
Running scatci job: ci16.data

STATE ENERGIES FOR THE MOLECULAR TARGET ARE: 

   Energy (Hartree)                     State

 -108.519583875595          State No.   1 Doublet     AG        
 -108.026799565075          State No.   2 Doublet     AG        
 -108.008665391533          State No.   3 Doublet     AG        
 -107.954643769616          State No.   4 Doublet     AG        
 -107.883195084375          State No.   5 Doublet     AG        
 -107.810534122423          State No.   6 Doublet     AG        
 -107.805554075050          State No.   7 Doublet     AG        
 -108.472223258849          State No.   8 Doublet     B3U       
 -108.040206955230          State No.   9 Doublet     B3U       
 -107.902819964395          State No.  10 Doublet     B3U       
 -107.856247476625          State No.  11 Doublet     B3U       
 -107.852564218529          State No.  12 Doublet     B3U       
 -107.810347024976          State No.  13 Doublet     B3U       
 -108.472223258849          State No.  14 Doublet     B2U       
 -108.040206955230          State No.  15 Doublet     B2U       
 -107.902819964395          State No.  16 Doublet     B2U       
 -107.856247476625          State No.  17 Doublet     B2U       
 -107.852564218529          State No.  18 Doublet     B2U       
 -107.810347024976          State No.  19 Doublet     B2U       
 -108.015456341426          State No.  20 Doublet     B1G       
 -108.008665391533          State No.  21 Doublet     B1G       
 -107.954643769616          State No.  22 Doublet     B1G       
 -107.921567869093          State No.  23 Doublet     B1G       
 -107.810534122423          State No.  24 Doublet     B1G       
 -107.805554075050          State No.  25 Doublet     B1G       
 -108.385746134310          State No.  26 Doublet     B1U       
 -108.162680459505          State No.  27 Doublet     B1U       
 -108.150152327637          State No.  28 Doublet     B1U       
 -108.139606191221          State No.  29 Doublet     B1U       
 -107.825726531599          State No.  30 Doublet     B1U       
 -108.200858163913          State No.  31 Doublet     B2G       
 -108.161219145681          State No.  32 Doublet     B2G       
 -108.117445472137          State No.  33 Doublet     B2G       
 -108.092621693121          State No.  34 Doublet     B2G       
 -107.846925486062          State No.  35 Doublet     B2G       
 -107.826899360619          State No.  36 Doublet     B2G       
 -108.200858163913          State No.  37 Doublet     B3G       
 -108.161219145681          State No.  38 Doublet     B3G       
 -108.117445472137          State No.  39 Doublet     B3G       
 -108.092621693121          State No.  40 Doublet     B3G       
 -107.846925486062          State No.  41 Doublet     B3G       
 -107.826899360620          State No.  42 Doublet     B3G       
 -108.159201690090          State No.  43 Doublet     AU        
 -108.150152327637          State No.  44 Doublet     AU        
 -108.139606191221          State No.  45 Doublet     AU        
 -108.113922244766          State No.  46 Doublet     AU        
 -108.159816889166          State No.  47 Quartet     AG        
 -108.105734478796          State No.  48 Quartet     AG        
 -107.917004286982          State No.  49 Quartet     AG        
 -107.862486943991          State No.  50 Quartet     AG        
 -108.170757207263          State No.  51 Quartet     B3U       
 -107.920305677942          State No.  52 Quartet     B3U       
 -108.170757207263          State No.  53 Quartet     B2U       
 -107.920305677942          State No.  54 Quartet     B2U       
 -108.105734478797          State No.  55 Quartet     B1G       
 -108.084224978808          State No.  56 Quartet     B1G       
 -107.917004286982          State No.  57 Quartet     B1G       
 -107.878122162937          State No.  58 Quartet     B1G       
 -108.283941203866          State No.  59 Quartet     B1U       
 -108.232936004457          State No.  60 Quartet     B1U       
 -108.199214240344          State No.  61 Quartet     B2G       
 -107.880839055528          State No.  62 Quartet     B2G       
 -107.816961131964          State No.  63 Quartet     B2G       
 -108.199214240344          State No.  64 Quartet     B3G       
 -107.880839055528          State No.  65 Quartet     B3G       
 -107.816961131964          State No.  66 Quartet     B3G       
 -108.232936004457          State No.  67 Quartet     AU        
 -108.208782253070          State No.  68 Quartet     AU        

See file results/SelectedTargetStates.txt for vertical excitation energies
 of the selected states in energy order.


*************************************************************

Vertical excitation energies in eV:

*************************************************************


Doublet  Ag 0.0
Doublet  B3u 1.2897539999998942
Doublet  B2u 1.2897539999998942
Doublet  B1u 3.643418999999919
Quartet  B1u 6.4133969999998435
Quartet  B1u 7.801106999999896
Quartet  Au 7.801106999999896
Quartet  Au 8.45686800000001
Doublet  B2g 8.6718269999998
Doublet  B3g 8.6718269999998




*******************************************************

Commencing the N+1 inner region scattering calculation

*******************************************************


************************************************************

program SWORD: sorting and ordering of molecular integrals

************************************************************


**************************************************************

program SWEDMOS: orthogonalisation of bound and continuum MOs

**************************************************************


****************************************************

program SWTRMO: transforming and ordering of integrals

****************************************************


**************************************************************

Generating scattering trial close-coupling wavefunctions

**************************************************************
Running congen job: congen1np1.data
Running scatci job: ci1np1.data

Running congen job: congen2np1.data
Running scatci job: ci2np1.data

Running congen job: congen3np1.data
Running scatci job: ci3np1.data

Running congen job: congen4np1.data
Running scatci job: ci4np1.data

Running congen job: congen5np1.data
Running scatci job: ci5np1.data

Running congen job: congen6np1.data
Running scatci job: ci6np1.data

Running congen job: congen7np1.data
Running scatci job: ci7np1.data

Running congen job: congen8np1.data
Running scatci job: ci8np1.data

Running congen job: congen9np1.data
Running scatci job: ci9np1.data

Running congen job: congen10np1.data
Running scatci job: ci10np1.data

Running congen job: congen11np1.data
Running scatci job: ci11np1.data

Running congen job: congen12np1.data
Running scatci job: ci12np1.data

Running congen job: congen13np1.data
Running scatci job: ci13np1.data

Running congen job: congen14np1.data
Running scatci job: ci14np1.data

Running congen job: congen15np1.data
Running scatci job: ci15np1.data

Running congen job: congen16np1.data
Running scatci job: ci16np1.data


Scattering state 1
Scattering state 2
Scattering state 3
Scattering state 4
Scattering state 5
Scattering state 6
Scattering state 7
Scattering state 8
Scattering state 9
Scattering state 10
Scattering state 11
Scattering state 12
Scattering state 13
Scattering state 14
Scattering state 15
Scattering state 16

R-Matrix generation for scattering state 1
R-Matrix generation for scattering state 2
R-Matrix generation for scattering state 3
R-Matrix generation for scattering state 4
R-Matrix generation for scattering state 5
R-Matrix generation for scattering state 6
R-Matrix generation for scattering state 7
R-Matrix generation for scattering state 8
R-Matrix generation for scattering state 9
R-Matrix generation for scattering state 10
R-Matrix generation for scattering state 11
R-Matrix generation for scattering state 12
R-Matrix generation for scattering state 13
R-Matrix generation for scattering state 14
R-Matrix generation for scattering state 15
R-Matrix generation for scattering state 16
Sorting phase shifts
Summing cross sections over the scattering symmetries: 
1Ag, 3Ag, 1B3u, 3B3u, 1B2u, 3B2u, 1B1g, 3B1g, 1B1u, 3B1u, 1B2g, 3B2g, 1B3g, 3B3g, 1Au, 3Au, 


Calculating born correction and adding to the summed cross section
*************************************************

Computing the Binary-Encounter-Bethe (BEB) ionisation cross section

*************************************************

By Koopman's theorem the ionisation energy of N2+ is 15.172 eV

BEB cross section written to /home/conner/soft/QNEE6.1/workspace/project/N2+_ES_CAS3_open5_07/results/xsec-beb.dat

*************************************************

Calculating the BE scaled born cross section

*************************************************

Ionisation energy from BEB =  15.172
State Number 	 Energy (eV) 	 Spin 	 Irrep 	 Dipole Transition Moment
State ... 01 / 10	000.000000000	Doublet	AG	0.0
State ... 02 / 10	001.289819630	Doublet	B3U	0.2691979
State ... 03 / 10	001.289819630	Doublet	B2U	0.2691979
State ... 04 / 10	003.643604398	Doublet	B1U	-0.6710263
State ... 05 / 10	006.413723350	Quartet	B1U	0.0
State ... 06 / 10	007.801503965	Quartet	B1U	0.0
State ... 07 / 10	007.801503965	Quartet	AU	0.0
State ... 08 / 10	008.457298334	Quartet	AU	0.0
State ... 09 / 10	008.672268272	Doublet	B2G	0.0
State ... 10 / 10	008.672268272	Doublet	B3G	0.0
1
2
3

Number of Dipole allowed transitions: 3
Calculating rate coefficients and Arrhenius parameters


*****************************************************

!!!IMPORTANT PLEASE READ THE FOLLOWING CAREFULLY!!!

*****************************************************

end.message
Date and time :Wed Apr 10 16:47:36 EDT 2024

=====================================================
R-matrix calculation of e-N2+ scattering complete
=====================================================

All important target and scattering data may be found in:
/home/conner/soft/QNEE6.1/workspace/project/N2+_ES_CAS3_open5_07/results

=====================================================
N2+ Target Quantum Chemistry Results Files
=====================================================

Quantemol-N produces:

target electronic energies;
target ground state configuration;
target transition moments
target vertical excitation energies

For ground state electron configuration see file 'moen_message.txt';
for target energies see file(s) 'target.prop' or 'trg.energy';
for target transition moments see 'target-all.prop'
Molecule spherical polarisability and, where appropriate, the diagonal components of the polarisability (see file 'molecule.polarisability')
For target vertical excitation energies see file 'SelectedTargetStates.txt'

=====================================================
N2+ Scattering Results Files
=====================================================


Quantemol-N produces:

eigenphase shifts;
total cross sections;
ionisation cross section using the Binary-Encounter-Bethe model;
rates
target vertical excitation energies

For resonances see file 'reson_message'
For eigenphase sum data see files 'eigenp1.dat' and eigenp3.dat
For total cross section data see file 'xsec_1.dat'
electronic excitation cross section are in file 'xsec-exc.dat
For rates data see file 'rates.dat'
K-matrix files have suffixes .kmat, the prefix symbols are the scattering states
R-matrix files have suffixes .rmat, the prefix symbols are the scattering states
T-matrix files have suffixes .tmat, the prefix symbols are the scattering states
Channel files have suffixes .channel, the prefix symbols are the scattering states
