Pre-clean successful: true
Date and time :Wed Apr 10 15:54:22 EDT 2024



*****************************************************

Analysing molecular symmetry:

*****************************************************


N2+ has 1 symmetrically non-redundant atoms


The symmetrically non-redundant atoms are:
[N1]

Point group of N2+: D2h

Generating symmetry operations for this group:
Reflection in the X-Y plane.
Reflection in the X-Z plane.
Reflection in the Y-Z plane.

Molecular charge is +1

Geometry employed (quoted in Angstroms in the centre of mass frame):
N 0.0000 0.0000 0.5615
N 0.0000 0.0000 -0.5615


Basis set used: DZP

******************************************************

Sorting and Ordering of Integrals

******************************************************

*******************************************************

Running Molpro

*******************************************************



*******************************************************

Running MPOUTRD

*******************************************************




Orbital Energies and Occupations.

SYM  1	ORB   1	 -440.78400 eV	2 OCC
SYM  5	ORB   1	 -440.71600 eV	2 OCC
SYM  1	ORB   2	  -51.24200 eV	2 OCC
SYM  5	ORB   2	  -31.56500 eV	2 OCC
SYM  2	ORB   1	  -27.86700 eV	2 OCC
SYM  3	ORB   1	  -27.86700 eV	2 OCC
SYM  1	ORB   3	  -15.22900 eV	1 OCC
SYM  6	ORB   1	   -7.22500 eV	0 OCC
SYM  7	ORB   1	   -7.22500 eV	0 OCC
SYM  5	ORB   3	    2.90100 eV	0 OCC
SYM  1	ORB   4	    7.05900 eV	0 OCC
SYM  2	ORB   2	    7.29000 eV	0 OCC
SYM  3	ORB   2	    7.29000 eV	0 OCC
SYM  6	ORB   2	   11.42100 eV	0 OCC
SYM  7	ORB   2	   11.42100 eV	0 OCC
SYM  1	ORB   5	   12.75700 eV	0 OCC
SYM  5	ORB   4	   14.62300 eV	0 OCC
SYM  5	ORB   5	   30.35200 eV	0 OCC
SYM  1	ORB   6	   35.81600 eV	0 OCC
SYM  4	ORB   1	   35.81600 eV	0 OCC
SYM  2	ORB   3	   37.39900 eV	0 OCC
SYM  3	ORB   3	   37.39900 eV	0 OCC
SYM  5	ORB   6	   49.79100 eV	0 OCC
SYM  8	ORB   1	   49.79100 eV	0 OCC
SYM  1	ORB   7	   58.73800 eV	0 OCC
SYM  6	ORB   3	   66.52100 eV	0 OCC
SYM  7	ORB   3	   66.52100 eV	0 OCC
SYM  5	ORB   7	   70.86700 eV	0 OCC
SYM  1	ORB   8	  875.50702 eV	0 OCC
SYM  5	ORB   8	  892.44397 eV	0 OCC


Number of molecular orbitals per symmetry: [8, 3, 3, 1, 8, 3, 3, 1]

Quantum chemistry model: 

Suggested frozen orbitals: [1, 0, 0, 0, 1, 0, 0, 0]
Suggested complete active space: [4, 1, 1, 0, 3, 1, 1, 0]


**************************************************************

Orthogonalising molecular orbitals (Programme SWEDMOS)

**************************************************************


**************************************************************

Transforming intergrals (Programme SWTRMO)

**************************************************************


**************************************************************

Generating N2+ Target wavefunctions

**************************************************************

Running congen job: congen1.data

 *** TOTAL NUMBER OF GENERATED CSF'S FOR THE GROUND STATE IS   1164
*** This target calculation should not take long !

Running scatci job: ci1.data
Running congen job: congen2.data
Running scatci job: ci2.data
Running congen job: congen3.data
Running scatci job: ci3.data
Running congen job: congen4.data
Running scatci job: ci4.data
Running congen job: congen5.data
Running scatci job: ci5.data
Running congen job: congen6.data
Running scatci job: ci6.data
Running congen job: congen7.data
Running scatci job: ci7.data
Running congen job: congen8.data
Running scatci job: ci8.data
Running congen job: congen9.data
Running scatci job: ci9.data
Running congen job: congen10.data
Running scatci job: ci10.data
Running congen job: congen11.data
Running scatci job: ci11.data
Running congen job: congen12.data
Running scatci job: ci12.data
Running congen job: congen13.data
Running scatci job: ci13.data
Running congen job: congen14.data
Running scatci job: ci14.data
Running congen job: congen15.data
Running scatci job: ci15.data
Running congen job: congen16.data
Running scatci job: ci16.data

STATE ENERGIES FOR THE MOLECULAR TARGET ARE: 

   Energy (Hartree)                     State

 -108.519093635406          State No.   1 Doublet     AG        
 -108.011623982044          State No.   2 Doublet     AG        
 -107.994419515753          State No.   3 Doublet     AG        
 -107.939858812910          State No.   4 Doublet     AG        
 -107.846377720884          State No.   5 Doublet     AG        
 -108.466550997011          State No.   6 Doublet     B3U       
 -108.032021476763          State No.   7 Doublet     B3U       
 -107.886236426809          State No.   8 Doublet     B3U       
 -107.830959842965          State No.   9 Doublet     B3U       
 -107.828259595797          State No.  10 Doublet     B3U       
 -108.466550997011          State No.  11 Doublet     B2U       
 -108.032021476763          State No.  12 Doublet     B2U       
 -107.886236426809          State No.  13 Doublet     B2U       
 -107.830959842965          State No.  14 Doublet     B2U       
 -107.828259595797          State No.  15 Doublet     B2U       
 -108.001758631532          State No.  16 Doublet     B1G       
 -107.994419515753          State No.  17 Doublet     B1G       
 -107.939858812910          State No.  18 Doublet     B1G       
 -107.907201319394          State No.  19 Doublet     B1G       
 -108.389252880315          State No.  20 Doublet     B1U       
 -108.144395193627          State No.  21 Doublet     B1U       
 -108.131673955626          State No.  22 Doublet     B1U       
 -108.120200621039          State No.  23 Doublet     B1U       
 -107.805969589192          State No.  24 Doublet     B1U       
 -108.190352015762          State No.  25 Doublet     B2G       
 -108.136039412271          State No.  26 Doublet     B2G       
 -108.091824191100          State No.  27 Doublet     B2G       
 -108.068014885172          State No.  28 Doublet     B2G       
 -107.824320123923          State No.  29 Doublet     B2G       
 -107.809652183782          State No.  30 Doublet     B2G       
 -108.190352015762          State No.  31 Doublet     B3G       
 -108.136039412271          State No.  32 Doublet     B3G       
 -108.091824191100          State No.  33 Doublet     B3G       
 -108.068014885172          State No.  34 Doublet     B3G       
 -107.824320123923          State No.  35 Doublet     B3G       
 -107.809652183782          State No.  36 Doublet     B3G       
 -108.140733304437          State No.  37 Doublet     AU        
 -108.131673955626          State No.  38 Doublet     AU        
 -108.120200621040          State No.  39 Doublet     AU        
 -108.094139446224          State No.  40 Doublet     AU        
 -108.145952186144          State No.  41 Quartet     AG        
 -108.092668973355          State No.  42 Quartet     AG        
 -107.877448352464          State No.  43 Quartet     AG        
 -107.820824909846          State No.  44 Quartet     AG        
 -108.166643636623          State No.  45 Quartet     B3U       
 -107.892807415099          State No.  46 Quartet     B3U       
 -108.166643636622          State No.  47 Quartet     B2U       
 -107.892807415099          State No.  48 Quartet     B2U       
 -108.092668973355          State No.  49 Quartet     B1G       
 -108.070810328598          State No.  50 Quartet     B1G       
 -107.877448352464          State No.  51 Quartet     B1G       
 -107.839155390263          State No.  52 Quartet     B1G       
 -108.264695584682          State No.  53 Quartet     B1U       
 -108.214341622764          State No.  54 Quartet     B1U       
 -108.173948167640          State No.  55 Quartet     B2G       
 -107.859515269728          State No.  56 Quartet     B2G       
 -107.795922961498          State No.  57 Quartet     B2G       
 -108.173948167641          State No.  58 Quartet     B3G       
 -107.859515269728          State No.  59 Quartet     B3G       
 -107.795922961498          State No.  60 Quartet     B3G       
 -108.214341622764          State No.  61 Quartet     AU        
 -108.190208984110          State No.  62 Quartet     AU        

See file results/SelectedTargetStates.txt for vertical excitation energies
 of the selected states in energy order.


*************************************************************

Vertical excitation energies in eV:

*************************************************************


Doublet  Ag 0.0
Doublet  B2u 1.4285249999998608
Doublet  B3u 1.4285249999998608
Doublet  B1u 3.5318579999996955
Quartet  B1u 6.922223999999721
Quartet  B1u 8.293608000000006
Quartet  Au 8.293608000000006
Doublet  B2g 8.94392699999994
Doublet  B3g 8.94392699999994
Quartet  Au 8.949368999999734




*******************************************************

Commencing the N+1 inner region scattering calculation

*******************************************************


************************************************************

program SWORD: sorting and ordering of molecular integrals

************************************************************


**************************************************************

program SWEDMOS: orthogonalisation of bound and continuum MOs

**************************************************************


****************************************************

program SWTRMO: transforming and ordering of integrals

****************************************************


**************************************************************

Generating scattering trial close-coupling wavefunctions

**************************************************************
Running congen job: congen1np1.data
Running scatci job: ci1np1.data

Running congen job: congen2np1.data
Running scatci job: ci2np1.data

Running congen job: congen3np1.data
Running scatci job: ci3np1.data

Running congen job: congen4np1.data
Running scatci job: ci4np1.data

Running congen job: congen5np1.data
Running scatci job: ci5np1.data

Running congen job: congen6np1.data
Running scatci job: ci6np1.data

Running congen job: congen7np1.data
Running scatci job: ci7np1.data

Running congen job: congen8np1.data
Running scatci job: ci8np1.data

Running congen job: congen9np1.data
Running scatci job: ci9np1.data

Running congen job: congen10np1.data
Running scatci job: ci10np1.data

Running congen job: congen11np1.data
Running scatci job: ci11np1.data

Running congen job: congen12np1.data
Running scatci job: ci12np1.data

Running congen job: congen13np1.data
Running scatci job: ci13np1.data

Running congen job: congen14np1.data
Running scatci job: ci14np1.data

Running congen job: congen15np1.data
Running scatci job: ci15np1.data

Running congen job: congen16np1.data
Running scatci job: ci16np1.data


Scattering state 1
Scattering state 2
Scattering state 3
Scattering state 4
Scattering state 5
Scattering state 6
Scattering state 7
Scattering state 8
Scattering state 9
Scattering state 10
Scattering state 11
Scattering state 12
Scattering state 13
Scattering state 14
Scattering state 15
Scattering state 16

R-Matrix generation for scattering state 1
R-Matrix generation for scattering state 2
R-Matrix generation for scattering state 3
R-Matrix generation for scattering state 4
R-Matrix generation for scattering state 5
R-Matrix generation for scattering state 6
R-Matrix generation for scattering state 7
R-Matrix generation for scattering state 8
R-Matrix generation for scattering state 9
R-Matrix generation for scattering state 10
R-Matrix generation for scattering state 11
R-Matrix generation for scattering state 12
R-Matrix generation for scattering state 13
R-Matrix generation for scattering state 14
R-Matrix generation for scattering state 15
R-Matrix generation for scattering state 16
Sorting phase shifts
Summing cross sections over the scattering symmetries: 
1Ag, 3Ag, 1B3u, 3B3u, 1B2u, 3B2u, 1B1g, 3B1g, 1B1u, 3B1u, 1B2g, 3B2g, 1B3g, 3B3g, 1Au, 3Au, 


Calculating born correction and adding to the summed cross section
*************************************************

Computing the Binary-Encounter-Bethe (BEB) ionisation cross section

*************************************************

By Koopman's theorem the ionisation energy of N2+ is 15.229 eV

BEB cross section written to /home/conner/soft/QNEE6.1/workspace/project/N2+_ES_CAS3_open5_06/results/xsec-beb.dat

*************************************************

Calculating the BE scaled born cross section

*************************************************

Ionisation energy from BEB =  15.229
State Number 	 Energy (eV) 	 Spin 	 Irrep 	 Dipole Transition Moment
State ... 01 / 10	000.000000000	Doublet	AG	0.0
State ... 02 / 10	001.428597691	Doublet	B2U	0.2743464
State ... 03 / 10	001.428597691	Doublet	B3U	0.2743464
State ... 04 / 10	003.532037721	Doublet	B1U	-0.6890407
State ... 05 / 10	006.922576242	Quartet	B1U	0.0
State ... 06 / 10	008.294030026	Quartet	B1U	0.0
State ... 07 / 10	008.294030026	Quartet	AU	0.0
State ... 08 / 10	008.944382118	Doublet	B2G	0.0
State ... 09 / 10	008.944382118	Doublet	B3G	0.0
State ... 10 / 10	008.949824395	Quartet	AU	0.0
1
2
3

Number of Dipole allowed transitions: 3
Calculating rate coefficients and Arrhenius parameters


*****************************************************

!!!IMPORTANT PLEASE READ THE FOLLOWING CAREFULLY!!!

*****************************************************

end.message
Date and time :Wed Apr 10 16:16:06 EDT 2024

=====================================================
R-matrix calculation of e-N2+ scattering complete
=====================================================

All important target and scattering data may be found in:
/home/conner/soft/QNEE6.1/workspace/project/N2+_ES_CAS3_open5_06/results

=====================================================
N2+ Target Quantum Chemistry Results Files
=====================================================

Quantemol-N produces:

target electronic energies;
target ground state configuration;
target transition moments
target vertical excitation energies

For ground state electron configuration see file 'moen_message.txt';
for target energies see file(s) 'target.prop' or 'trg.energy';
for target transition moments see 'target-all.prop'
Molecule spherical polarisability and, where appropriate, the diagonal components of the polarisability (see file 'molecule.polarisability')
For target vertical excitation energies see file 'SelectedTargetStates.txt'

=====================================================
N2+ Scattering Results Files
=====================================================


Quantemol-N produces:

eigenphase shifts;
total cross sections;
ionisation cross section using the Binary-Encounter-Bethe model;
rates
target vertical excitation energies

For resonances see file 'reson_message'
For eigenphase sum data see files 'eigenp1.dat' and eigenp3.dat
For total cross section data see file 'xsec_1.dat'
electronic excitation cross section are in file 'xsec-exc.dat
For rates data see file 'rates.dat'
K-matrix files have suffixes .kmat, the prefix symbols are the scattering states
R-matrix files have suffixes .rmat, the prefix symbols are the scattering states
T-matrix files have suffixes .tmat, the prefix symbols are the scattering states
Channel files have suffixes .channel, the prefix symbols are the scattering states
