Pre-clean successful: true
Date and time :Thu Apr 11 13:20:13 EDT 2024



*****************************************************

Analysing molecular symmetry:

*****************************************************


N2+ has 1 symmetrically non-redundant atoms


The symmetrically non-redundant atoms are:
[N1]

Point group of N2+: D2h

Generating symmetry operations for this group:
Reflection in the X-Y plane.
Reflection in the X-Z plane.
Reflection in the Y-Z plane.

Molecular charge is +1

Geometry employed (quoted in Angstroms in the centre of mass frame):
N 0.0000 0.0000 0.6438
N 0.0000 0.0000 -0.6438


Basis set used: DZP

******************************************************

Sorting and Ordering of Integrals

******************************************************

*******************************************************

Running Molpro

*******************************************************



*******************************************************

Running MPOUTRD

*******************************************************




Orbital Energies and Occupations.

SYM  1	ORB   1	 -441.36301 eV	2 OCC
SYM  5	ORB   1	 -441.33099 eV	2 OCC
SYM  1	ORB   2	  -47.81000 eV	2 OCC
SYM  5	ORB   2	  -32.80900 eV	2 OCC
SYM  2	ORB   1	  -25.85400 eV	2 OCC
SYM  3	ORB   1	  -25.85400 eV	2 OCC
SYM  1	ORB   3	  -14.78800 eV	1 OCC
SYM  6	ORB   1	   -9.09900 eV	0 OCC
SYM  7	ORB   1	   -9.09900 eV	0 OCC
SYM  5	ORB   3	    1.26000 eV	0 OCC
SYM  1	ORB   4	    7.96500 eV	0 OCC
SYM  2	ORB   2	    8.04400 eV	0 OCC
SYM  3	ORB   2	    8.04400 eV	0 OCC
SYM  5	ORB   4	    8.18500 eV	0 OCC
SYM  6	ORB   2	   11.00400 eV	0 OCC
SYM  7	ORB   2	   11.00400 eV	0 OCC
SYM  1	ORB   5	   12.99600 eV	0 OCC
SYM  5	ORB   5	   28.06900 eV	0 OCC
SYM  2	ORB   3	   34.58600 eV	0 OCC
SYM  3	ORB   3	   34.58600 eV	0 OCC
SYM  1	ORB   6	   37.58400 eV	0 OCC
SYM  4	ORB   1	   37.58400 eV	0 OCC
SYM  5	ORB   6	   47.50600 eV	0 OCC
SYM  8	ORB   1	   47.50600 eV	0 OCC
SYM  1	ORB   7	   54.13200 eV	0 OCC
SYM  6	ORB   3	   61.96800 eV	0 OCC
SYM  7	ORB   3	   61.96800 eV	0 OCC
SYM  5	ORB   7	   65.15800 eV	0 OCC
SYM  1	ORB   8	  876.68597 eV	0 OCC
SYM  5	ORB   8	  885.49103 eV	0 OCC


Number of molecular orbitals per symmetry: [8, 3, 3, 1, 8, 3, 3, 1]

Quantum chemistry model: 

Suggested frozen orbitals: [1, 0, 0, 0, 1, 0, 0, 0]
Suggested complete active space: [4, 1, 1, 0, 3, 1, 1, 0]


**************************************************************

Orthogonalising molecular orbitals (Programme SWEDMOS)

**************************************************************


**************************************************************

Transforming intergrals (Programme SWTRMO)

**************************************************************


**************************************************************

Generating N2+ Target wavefunctions

**************************************************************

Running congen job: congen1.data

 *** TOTAL NUMBER OF GENERATED CSF'S FOR THE GROUND STATE IS   1164
*** This target calculation should not take long !

Running scatci job: ci1.data
Running congen job: congen2.data
Running scatci job: ci2.data
Running congen job: congen3.data
Running scatci job: ci3.data
Running congen job: congen4.data
Running scatci job: ci4.data
Running congen job: congen5.data
Running scatci job: ci5.data
Running congen job: congen6.data
Running scatci job: ci6.data
Running congen job: congen7.data
Running scatci job: ci7.data
Running congen job: congen8.data
Running scatci job: ci8.data
Running congen job: congen9.data
Running scatci job: ci9.data
Running congen job: congen10.data
Running scatci job: ci10.data
Running congen job: congen11.data
Running scatci job: ci11.data
Running congen job: congen12.data
Running scatci job: ci12.data
Running congen job: congen13.data
Running scatci job: ci13.data
Running congen job: congen14.data
Running scatci job: ci14.data
Running congen job: congen15.data
Running scatci job: ci15.data
Running congen job: congen16.data
Running scatci job: ci16.data

STATE ENERGIES FOR THE MOLECULAR TARGET ARE: 

   Energy (Hartree)                     State

 -108.493874265979          State No.   1 Doublet     AG        
 -108.094210603257          State No.   2 Doublet     AG        
 -108.055477258715          State No.   3 Doublet     AG        
 -108.029298011298          State No.   4 Doublet     AG        
 -108.020539651530          State No.   5 Doublet     AG        
 -107.981805689209          State No.   6 Doublet     AG        
 -107.937059378605          State No.   7 Doublet     AG        
 -107.929891619873          State No.   8 Doublet     AG        
 -107.917445547481          State No.   9 Doublet     AG        
 -107.833762745173          State No.  10 Doublet     AG        
 -107.784820246976          State No.  11 Doublet     AG        
 -107.769764074771          State No.  12 Doublet     AG        
 -108.471079694154          State No.  13 Doublet     B3U       
 -108.066669920845          State No.  14 Doublet     B3U       
 -107.966081235130          State No.  15 Doublet     B3U       
 -107.963460804072          State No.  16 Doublet     B3U       
 -107.952899429692          State No.  17 Doublet     B3U       
 -107.929275284312          State No.  18 Doublet     B3U       
 -107.912708871155          State No.  19 Doublet     B3U       
 -107.904981288155          State No.  20 Doublet     B3U       
 -107.881893897093          State No.  21 Doublet     B3U       
 -108.471079694154          State No.  22 Doublet     B2U       
 -108.066669920845          State No.  23 Doublet     B2U       
 -107.966081235130          State No.  24 Doublet     B2U       
 -107.963460804072          State No.  25 Doublet     B2U       
 -107.952899429692          State No.  26 Doublet     B2U       
 -107.929275284312          State No.  27 Doublet     B2U       
 -107.912708871155          State No.  28 Doublet     B2U       
 -107.904981288155          State No.  29 Doublet     B2U       
 -107.881893897093          State No.  30 Doublet     B2U       
 -108.055477258715          State No.  31 Doublet     B1G       
 -108.053673130497          State No.  32 Doublet     B1G       
 -108.029298011298          State No.  33 Doublet     B1G       
 -107.992857030051          State No.  34 Doublet     B1G       
 -107.981805689209          State No.  35 Doublet     B1G       
 -107.937059378605          State No.  36 Doublet     B1G       
 -107.929891619873          State No.  37 Doublet     B1G       
 -107.919311894838          State No.  38 Doublet     B1G       
 -107.775110831602          State No.  39 Doublet     B1G       
 -107.769764074771          State No.  40 Doublet     B1G       
 -108.351625345752          State No.  41 Doublet     B1U       
 -108.216119209082          State No.  42 Doublet     B1U       
 -108.215052237371          State No.  43 Doublet     B1U       
 -108.203082789251          State No.  44 Doublet     B1U       
 -107.938374562621          State No.  45 Doublet     B1U       
 -107.833005519625          State No.  46 Doublet     B1U       
 -107.802327699791          State No.  47 Doublet     B1U       
 -107.777383884229          State No.  48 Doublet     B1U       
 -108.255687726037          State No.  49 Doublet     B2G       
 -108.223024595210          State No.  50 Doublet     B2G       
 -108.210750247477          State No.  51 Doublet     B2G       
 -108.182534812046          State No.  52 Doublet     B2G       
 -107.991006543891          State No.  53 Doublet     B2G       
 -107.881948009854          State No.  54 Doublet     B2G       
 -107.805584650983          State No.  55 Doublet     B2G       
 -107.804698370379          State No.  56 Doublet     B2G       
 -107.796554074921          State No.  57 Doublet     B2G       
 -107.769699717660          State No.  58 Doublet     B2G       
 -108.255687726037          State No.  59 Doublet     B3G       
 -108.223024595210          State No.  60 Doublet     B3G       
 -108.210750247477          State No.  61 Doublet     B3G       
 -108.182534812046          State No.  62 Doublet     B3G       
 -107.991006543891          State No.  63 Doublet     B3G       
 -107.881948009854          State No.  64 Doublet     B3G       
 -107.805584650983          State No.  65 Doublet     B3G       
 -107.804698370379          State No.  66 Doublet     B3G       
 -107.796554074921          State No.  67 Doublet     B3G       
 -107.769699717660          State No.  68 Doublet     B3G       
 -108.218874926333          State No.  69 Doublet     AU        
 -108.215052237371          State No.  70 Doublet     AU        
 -108.203082789251          State No.  71 Doublet     AU        
 -108.184975170667          State No.  72 Doublet     AU        
 -107.802327699791          State No.  73 Doublet     AU        
 -107.794804198159          State No.  74 Doublet     AU        
 -107.766424098661          State No.  75 Doublet     AU        
 -108.200815254448          State No.  76 Quartet     AG        
 -108.142515276649          State No.  77 Quartet     AG        
 -108.076991538537          State No.  78 Quartet     AG        
 -108.039902462644          State No.  79 Quartet     AG        
 -107.875605778476          State No.  80 Quartet     AG        
 -107.845502696574          State No.  81 Quartet     AG        
 -108.160279860203          State No.  82 Quartet     B3U       
 -108.024991530859          State No.  83 Quartet     B3U       
 -107.988064701329          State No.  84 Quartet     B3U       
 -108.160279860203          State No.  85 Quartet     B2U       
 -108.024991530859          State No.  86 Quartet     B2U       
 -107.988064701329          State No.  87 Quartet     B2U       
 -108.142515276649          State No.  88 Quartet     B1G       
 -108.123188797856          State No.  89 Quartet     B1G       
 -108.076991538537          State No.  90 Quartet     B1G       
 -108.037283696850          State No.  91 Quartet     B1G       
 -107.845502696574          State No.  92 Quartet     B1G       
 -107.829694336637          State No.  93 Quartet     B1G       
 -108.349474365432          State No.  94 Quartet     B1U       
 -108.293485921312          State No.  95 Quartet     B1U       
 -107.888206953741          State No.  96 Quartet     B1U       
 -107.837394036610          State No.  97 Quartet     B1U       
 -107.812600810229          State No.  98 Quartet     B1U       
 -107.795126171383          State No.  99 Quartet     B1U       
 -108.291445638158          State No. 100 Quartet     B2G       
 -107.950868634562          State No. 101 Quartet     B2G       
 -107.883078361653          State No. 102 Quartet     B2G       
 -107.879061329074          State No. 103 Quartet     B2G       
 -107.859734869779          State No. 104 Quartet     B2G       
 -107.821798632056          State No. 105 Quartet     B2G       
 -107.804106199956          State No. 106 Quartet     B2G       
 -108.291445638158          State No. 107 Quartet     B3G       
 -107.950868634562          State No. 108 Quartet     B3G       
 -107.883078361653          State No. 109 Quartet     B3G       
 -107.879061329074          State No. 110 Quartet     B3G       
 -107.859734869779          State No. 111 Quartet     B3G       
 -107.821798632056          State No. 112 Quartet     B3G       
 -107.804106199956          State No. 113 Quartet     B3G       
 -108.293485921312          State No. 114 Quartet     AU        
 -108.268974945246          State No. 115 Quartet     AU        
 -107.888206953741          State No. 116 Quartet     AU        
 -107.857825066372          State No. 117 Quartet     AU        
 -107.832260839079          State No. 118 Quartet     AU        
 -107.812600810229          State No. 119 Quartet     AU        
 -107.797960944203          State No. 120 Quartet     AU        
 -107.780548857477          State No. 121 Quartet     AU        

See file results/SelectedTargetStates.txt for vertical excitation energies
 of the selected states in energy order.


*************************************************************

Vertical excitation energies in eV:

*************************************************************


Doublet  Ag 0.0
Doublet  B3u 0.6203879999997142
Doublet  B2u 0.6203879999997142
Doublet  B1u 3.8719829999997732
Quartet  B1u 3.9291239999997365
Quartet  Au 5.4528840000000525
Quartet  B1u 5.4528840000000525
Quartet  B3g 5.510025000000016
Quartet  B2g 5.510025000000016
Quartet  Au 6.119528999999755




*******************************************************

Commencing the N+1 inner region scattering calculation

*******************************************************


************************************************************

program SWORD: sorting and ordering of molecular integrals

************************************************************


**************************************************************

program SWEDMOS: orthogonalisation of bound and continuum MOs

**************************************************************


****************************************************

program SWTRMO: transforming and ordering of integrals

****************************************************


**************************************************************

Generating scattering trial close-coupling wavefunctions

**************************************************************
Running congen job: congen1np1.data
Running scatci job: ci1np1.data

Running congen job: congen2np1.data
Running scatci job: ci2np1.data

Running congen job: congen3np1.data
Running scatci job: ci3np1.data

Running congen job: congen4np1.data
Running scatci job: ci4np1.data

Running congen job: congen5np1.data
Running scatci job: ci5np1.data

Running congen job: congen6np1.data
Running scatci job: ci6np1.data

Running congen job: congen7np1.data
Running scatci job: ci7np1.data

Running congen job: congen8np1.data
Running scatci job: ci8np1.data

Running congen job: congen9np1.data
Running scatci job: ci9np1.data

Running congen job: congen10np1.data
Running scatci job: ci10np1.data

Running congen job: congen11np1.data
Running scatci job: ci11np1.data

Running congen job: congen12np1.data
Running scatci job: ci12np1.data

Running congen job: congen13np1.data
Running scatci job: ci13np1.data

Running congen job: congen14np1.data
Running scatci job: ci14np1.data

Running congen job: congen15np1.data
Running scatci job: ci15np1.data

Running congen job: congen16np1.data
Running scatci job: ci16np1.data


Scattering state 1
Scattering state 2
Scattering state 3
Scattering state 4
Scattering state 5
Scattering state 6
Scattering state 7
Scattering state 8
Scattering state 9
Scattering state 10
Scattering state 11
Scattering state 12
Scattering state 13
Scattering state 14
Scattering state 15
Scattering state 16

R-Matrix generation for scattering state 1
R-Matrix generation for scattering state 2
R-Matrix generation for scattering state 3
R-Matrix generation for scattering state 4
R-Matrix generation for scattering state 5
R-Matrix generation for scattering state 6
R-Matrix generation for scattering state 7
R-Matrix generation for scattering state 8
R-Matrix generation for scattering state 9
R-Matrix generation for scattering state 10
R-Matrix generation for scattering state 11
R-Matrix generation for scattering state 12
R-Matrix generation for scattering state 13
R-Matrix generation for scattering state 14
R-Matrix generation for scattering state 15
R-Matrix generation for scattering state 16
Sorting phase shifts
Summing cross sections over the scattering symmetries: 
1Ag, 3Ag, 1B3u, 3B3u, 1B2u, 3B2u, 1B1g, 3B1g, 1B1u, 3B1u, 1B2g, 3B2g, 1B3g, 3B3g, 1Au, 3Au, 


Calculating born correction and adding to the summed cross section
*************************************************

Computing the Binary-Encounter-Bethe (BEB) ionisation cross section

*************************************************

By Koopman's theorem the ionisation energy of N2+ is 14.788 eV

BEB cross section written to /home/conner/soft/QNEE6.1/workspace/project/N2+_ES_CAS3_open5_13/results/xsec-beb.dat

*************************************************

Calculating the BE scaled born cross section

*************************************************

Ionisation energy from BEB =  14.788
State Number 	 Energy (eV) 	 Spin 	 Irrep 	 Dipole Transition Moment
State ... 01 / 10	000.000000000	Doublet	AG	0.0
State ... 02 / 10	000.620419569	Doublet	B3U	0.2358406
State ... 03 / 10	000.620419569	Doublet	B2U	-0.2358406
State ... 04 / 10	003.872180029	Doublet	B1U	-0.5322898
State ... 05 / 10	003.929323936	Quartet	B1U	0.0
State ... 06 / 10	005.453161474	Quartet	AU	0.0
State ... 07 / 10	005.453161474	Quartet	B1U	0.0
State ... 08 / 10	005.510305382	Quartet	B3G	0.0
State ... 09 / 10	005.510305382	Quartet	B2G	0.0
State ... 10 / 10	006.119840397	Quartet	AU	0.0
1
2
3

Number of Dipole allowed transitions: 3
Calculating rate coefficients and Arrhenius parameters


*****************************************************

!!!IMPORTANT PLEASE READ THE FOLLOWING CAREFULLY!!!

*****************************************************

end.message
Date and time :Thu Apr 11 13:39:51 EDT 2024

=====================================================
R-matrix calculation of e-N2+ scattering complete
=====================================================

All important target and scattering data may be found in:
/home/conner/soft/QNEE6.1/workspace/project/N2+_ES_CAS3_open5_13/results

=====================================================
N2+ Target Quantum Chemistry Results Files
=====================================================

Quantemol-N produces:

target electronic energies;
target ground state configuration;
target transition moments
target vertical excitation energies

For ground state electron configuration see file 'moen_message.txt';
for target energies see file(s) 'target.prop' or 'trg.energy';
for target transition moments see 'target-all.prop'
Molecule spherical polarisability and, where appropriate, the diagonal components of the polarisability (see file 'molecule.polarisability')
For target vertical excitation energies see file 'SelectedTargetStates.txt'

=====================================================
N2+ Scattering Results Files
=====================================================


Quantemol-N produces:

eigenphase shifts;
total cross sections;
ionisation cross section using the Binary-Encounter-Bethe model;
rates
target vertical excitation energies

For resonances see file 'reson_message'
For eigenphase sum data see files 'eigenp1.dat' and eigenp3.dat
For total cross section data see file 'xsec_1.dat'
electronic excitation cross section are in file 'xsec-exc.dat
For rates data see file 'rates.dat'
K-matrix files have suffixes .kmat, the prefix symbols are the scattering states
R-matrix files have suffixes .rmat, the prefix symbols are the scattering states
T-matrix files have suffixes .tmat, the prefix symbols are the scattering states
Channel files have suffixes .channel, the prefix symbols are the scattering states
