Pre-clean successful: false
Date and time :Mon Aug 12 09:38:11 EDT 2024



*****************************************************

Analysing molecular symmetry:

*****************************************************


N2+ has 1 symmetrically non-redundant atoms


The symmetrically non-redundant atoms are:
[N1]

Point group of N2+: D2h

Generating symmetry operations for this group:
Reflection in the X-Y plane.
Reflection in the X-Z plane.
Reflection in the Y-Z plane.

Molecular charge is +1

Geometry employed (quoted in Angstroms in the centre of mass frame):
N 0.0000 0.0000 0.7839
N 0.0000 0.0000 -0.7839


Basis set used: DZP

******************************************************

Sorting and Ordering of Integrals

******************************************************

*******************************************************

Running Molpro

*******************************************************



*******************************************************

Running MPOUTRD

*******************************************************




Orbital Energies and Occupations.

SYM  1	ORB   1	 -441.37100 eV	2 OCC
SYM  5	ORB   1	 -441.35501 eV	2 OCC
SYM  1	ORB   2	  -43.62800 eV	2 OCC
SYM  5	ORB   2	  -34.91500 eV	2 OCC
SYM  1	ORB   3	  -25.76900 eV	2 OCC
SYM  3	ORB   1	  -23.26600 eV	2 OCC
SYM  2	ORB   1	  -12.29500 eV	1 OCC
SYM  6	ORB   1	  -11.81500 eV	0 OCC
SYM  7	ORB   1	  -10.78700 eV	0 OCC
SYM  5	ORB   3	   -4.28000 eV	0 OCC
SYM  5	ORB   4	    7.56200 eV	0 OCC
SYM  2	ORB   2	    7.85600 eV	0 OCC
SYM  3	ORB   2	    8.54400 eV	0 OCC
SYM  1	ORB   4	   10.21000 eV	0 OCC
SYM  6	ORB   2	   10.47900 eV	0 OCC
SYM  7	ORB   2	   11.04200 eV	0 OCC
SYM  1	ORB   5	   13.99200 eV	0 OCC
SYM  5	ORB   5	   25.09700 eV	0 OCC
SYM  2	ORB   3	   34.32400 eV	0 OCC
SYM  3	ORB   3	   35.13500 eV	0 OCC
SYM  1	ORB   6	   39.68000 eV	0 OCC
SYM  4	ORB   1	   39.71800 eV	0 OCC
SYM  1	ORB   7	   44.03900 eV	0 OCC
SYM  5	ORB   6	   44.42300 eV	0 OCC
SYM  8	ORB   1	   44.42300 eV	0 OCC
SYM  6	ORB   3	   54.62400 eV	0 OCC
SYM  7	ORB   3	   55.46800 eV	0 OCC
SYM  5	ORB   7	   64.87500 eV	0 OCC
SYM  1	ORB   8	  877.61298 eV	0 OCC
SYM  5	ORB   8	  880.92999 eV	0 OCC


Number of molecular orbitals per symmetry: [8, 3, 3, 1, 8, 3, 3, 1]

Quantum chemistry model: 

Suggested frozen orbitals: [1, 0, 0, 0, 1, 0, 0, 0]
Suggested complete active space: [3, 1, 1, 0, 3, 1, 1, 0]


**************************************************************

Orthogonalising molecular orbitals (Programme SWEDMOS)

**************************************************************


**************************************************************

Transforming intergrals (Programme SWTRMO)

**************************************************************


**************************************************************

Generating N2+ Target wavefunctions

**************************************************************

Running congen job: congen1.data

 *** TOTAL NUMBER OF GENERATED CSF'S FOR THE GROUND STATE IS    308
*** This target calculation should not take long !

Running scatci job: ci1.data
Running congen job: congen2.data
Running scatci job: ci2.data
Running congen job: congen3.data
Running scatci job: ci3.data
Running congen job: congen4.data
Running scatci job: ci4.data
Running congen job: congen5.data
Running scatci job: ci5.data
Running congen job: congen6.data
Running scatci job: ci6.data
Running congen job: congen7.data
Running scatci job: ci7.data
Running congen job: congen8.data
Running scatci job: ci8.data
Running congen job: congen9.data
Running scatci job: ci9.data
Running congen job: congen10.data
Running scatci job: ci10.data
Running congen job: congen11.data
Running scatci job: ci11.data
Running congen job: congen12.data
Running scatci job: ci12.data
Running congen job: congen13.data
Running scatci job: ci13.data
Running congen job: congen14.data
Running scatci job: ci14.data
Running congen job: congen15.data
Running scatci job: ci15.data
Running congen job: congen16.data
Running scatci job: ci16.data

STATE ENERGIES FOR THE MOLECULAR TARGET ARE: 

   Energy (Hartree)                     State

 -108.397688127999          State No.   1 Doublet     AG        
 -108.183185917085          State No.   2 Doublet     AG        
 -108.156317359071          State No.   3 Doublet     AG        
 -108.113640492559          State No.   4 Doublet     AG        
 -108.072029590994          State No.   5 Doublet     AG        
 -108.054767402008          State No.   6 Doublet     AG        
 -108.046113770234          State No.   7 Doublet     AG        
 -108.043304453290          State No.   8 Doublet     AG        
 -107.983698022141          State No.   9 Doublet     AG        
 -107.980421793071          State No.  10 Doublet     AG        
 -107.949982974125          State No.  11 Doublet     AG        
 -107.941194893774          State No.  12 Doublet     AG        
 -107.904631427180          State No.  13 Doublet     AG        
 -107.904463734601          State No.  14 Doublet     AG        
 -107.875086188314          State No.  15 Doublet     AG        
 -107.825802634504          State No.  16 Doublet     AG        
 -107.781705272124          State No.  17 Doublet     AG        
 -107.780439154950          State No.  18 Doublet     AG        
 -107.755129679735          State No.  19 Doublet     AG        
 -107.708217692328          State No.  20 Doublet     AG        
 -107.683018637784          State No.  21 Doublet     AG        
 -107.673218270320          State No.  22 Doublet     AG        
 -108.405867106841          State No.  23 Doublet     B3U       
 -108.150337219198          State No.  24 Doublet     B3U       
 -108.118532280648          State No.  25 Doublet     B3U       
 -108.094894975383          State No.  26 Doublet     B3U       
 -108.085013830558          State No.  27 Doublet     B3U       
 -108.031625904412          State No.  28 Doublet     B3U       
 -108.001099538713          State No.  29 Doublet     B3U       
 -107.952145628898          State No.  30 Doublet     B3U       
 -107.937686298111          State No.  31 Doublet     B3U       
 -107.912294385081          State No.  32 Doublet     B3U       
 -107.904647954246          State No.  33 Doublet     B3U       
 -107.901337826739          State No.  34 Doublet     B3U       
 -107.878183126603          State No.  35 Doublet     B3U       
 -107.862191070594          State No.  36 Doublet     B3U       
 -107.804624751547          State No.  37 Doublet     B3U       
 -107.750492547073          State No.  38 Doublet     B3U       
 -107.731686005467          State No.  39 Doublet     B3U       
 -107.721011556201          State No.  40 Doublet     B3U       
 -107.705708132250          State No.  41 Doublet     B3U       
 -107.702432943758          State No.  42 Doublet     B3U       
 -107.685185927300          State No.  43 Doublet     B3U       
 -108.406973316309          State No.  44 Doublet     B2U       
 -108.151454036077          State No.  45 Doublet     B2U       
 -108.118529141736          State No.  46 Doublet     B2U       
 -108.092524013659          State No.  47 Doublet     B2U       
 -108.083765784752          State No.  48 Doublet     B2U       
 -108.031632273983          State No.  49 Doublet     B2U       
 -108.004316870611          State No.  50 Doublet     B2U       
 -107.951675787604          State No.  51 Doublet     B2U       
 -107.935625374442          State No.  52 Doublet     B2U       
 -107.912472393732          State No.  53 Doublet     B2U       
 -107.906454885145          State No.  54 Doublet     B2U       
 -107.901352181782          State No.  55 Doublet     B2U       
 -107.877235211815          State No.  56 Doublet     B2U       
 -107.861805051654          State No.  57 Doublet     B2U       
 -107.805816821151          State No.  58 Doublet     B2U       
 -107.751615242897          State No.  59 Doublet     B2U       
 -107.731401314200          State No.  60 Doublet     B2U       
 -107.722996367069          State No.  61 Doublet     B2U       
 -107.705699276392          State No.  62 Doublet     B2U       
 -107.701657497478          State No.  63 Doublet     B2U       
 -107.684003857370          State No.  64 Doublet     B2U       
 -108.156319895607          State No.  65 Doublet     B1G       
 -108.116438328200          State No.  66 Doublet     B1G       
 -108.113640523861          State No.  67 Doublet     B1G       
 -108.071824108759          State No.  68 Doublet     B1G       
 -108.047099320741          State No.  69 Doublet     B1G       
 -108.044429379514          State No.  70 Doublet     B1G       
 -107.998866136005          State No.  71 Doublet     B1G       
 -107.981100791678          State No.  72 Doublet     B1G       
 -107.974967925001          State No.  73 Doublet     B1G       
 -107.949956311336          State No.  74 Doublet     B1G       
 -107.917327701337          State No.  75 Doublet     B1G       
 -107.904394632429          State No.  76 Doublet     B1G       
 -107.875131534544          State No.  77 Doublet     B1G       
 -107.858928593569          State No.  78 Doublet     B1G       
 -107.781630271945          State No.  79 Doublet     B1G       
 -107.772786401331          State No.  80 Doublet     B1G       
 -107.708217067113          State No.  81 Doublet     B1G       
 -107.691860284252          State No.  82 Doublet     B1G       
 -107.681474602114          State No.  83 Doublet     B1G       
 -107.673166502947          State No.  84 Doublet     B1G       
 -108.313637536347          State No.  85 Doublet     B1U       
 -108.230612666119          State No.  86 Doublet     B1U       
 -108.197821923807          State No.  87 Doublet     B1U       
 -108.151359236509          State No.  88 Doublet     B1U       
 -108.078671828736          State No.  89 Doublet     B1U       
 -108.063362438430          State No.  90 Doublet     B1U       
 -108.048801758150          State No.  91 Doublet     B1U       
 -107.942860795427          State No.  92 Doublet     B1U       
 -107.938951595483          State No.  93 Doublet     B1U       
 -107.890127358879          State No.  94 Doublet     B1U       
 -107.881020240315          State No.  95 Doublet     B1U       
 -107.861316338769          State No.  96 Doublet     B1U       
 -107.835156027763          State No.  97 Doublet     B1U       
 -107.831328364290          State No.  98 Doublet     B1U       
 -107.790016860476          State No.  99 Doublet     B1U       
 -107.770093759153          State No. 100 Doublet     B1U       
 -107.755942552256          State No. 101 Doublet     B1U       
 -107.719205966676          State No. 102 Doublet     B1U       
 -107.704941783922          State No. 103 Doublet     B1U       
 -107.688467345945          State No. 104 Doublet     B1U       
 -107.681798501813          State No. 105 Doublet     B1U       
 -107.679357554255          State No. 106 Doublet     B1U       
 -107.677382431197          State No. 107 Doublet     B1U       
 -107.675020866158          State No. 108 Doublet     B1U       
 -108.305726744243          State No. 109 Doublet     B2G       
 -108.259492290798          State No. 110 Doublet     B2G       
 -108.238315485636          State No. 111 Doublet     B2G       
 -108.176374686919          State No. 112 Doublet     B2G       
 -108.150503736010          State No. 113 Doublet     B2G       
 -108.031733900048          State No. 114 Doublet     B2G       
 -107.938505259733          State No. 115 Doublet     B2G       
 -107.903953950222          State No. 116 Doublet     B2G       
 -107.885537597149          State No. 117 Doublet     B2G       
 -107.874233125588          State No. 118 Doublet     B2G       
 -107.841643794972          State No. 119 Doublet     B2G       
 -107.828565459893          State No. 120 Doublet     B2G       
 -107.798580563818          State No. 121 Doublet     B2G       
 -107.784072543004          State No. 122 Doublet     B2G       
 -107.783314760344          State No. 123 Doublet     B2G       
 -107.748253544965          State No. 124 Doublet     B2G       
 -107.740935187959          State No. 125 Doublet     B2G       
 -107.725610305444          State No. 126 Doublet     B2G       
 -107.691108935158          State No. 127 Doublet     B2G       
 -107.683252051834          State No. 128 Doublet     B2G       
 -108.307181936676          State No. 129 Doublet     B3G       
 -108.259490890360          State No. 130 Doublet     B3G       
 -108.236275850565          State No. 131 Doublet     B3G       
 -108.174985857210          State No. 132 Doublet     B3G       
 -108.150671648316          State No. 133 Doublet     B3G       
 -108.033056990425          State No. 134 Doublet     B3G       
 -107.936975493758          State No. 135 Doublet     B3G       
 -107.903956600708          State No. 136 Doublet     B3G       
 -107.886166142799          State No. 137 Doublet     B3G       
 -107.875052357432          State No. 138 Doublet     B3G       
 -107.842486684551          State No. 139 Doublet     B3G       
 -107.828364117879          State No. 140 Doublet     B3G       
 -107.798170821285          State No. 141 Doublet     B3G       
 -107.784072161591          State No. 142 Doublet     B3G       
 -107.783526794204          State No. 143 Doublet     B3G       
 -107.749798426266          State No. 144 Doublet     B3G       
 -107.740397098805          State No. 145 Doublet     B3G       
 -107.725611519922          State No. 146 Doublet     B3G       
 -107.693675302441          State No. 147 Doublet     B3G       
 -107.681949598670          State No. 148 Doublet     B3G       
 -108.230648078913          State No. 149 Doublet     AU        
 -108.217485940342          State No. 150 Doublet     AU        
 -108.199622093505          State No. 151 Doublet     AU        
 -108.197723563491          State No. 152 Doublet     AU        
 -108.063383019897          State No. 153 Doublet     AU        
 -108.033528034833          State No. 154 Doublet     AU        
 -107.944296664503          State No. 155 Doublet     AU        
 -107.938808900159          State No. 156 Doublet     AU        
 -107.890225291793          State No. 157 Doublet     AU        
 -107.878717146893          State No. 158 Doublet     AU        
 -107.835208504204          State No. 159 Doublet     AU        
 -107.831328990452          State No. 160 Doublet     AU        
 -107.800587425283          State No. 161 Doublet     AU        
 -107.789884305748          State No. 162 Doublet     AU        
 -107.758194547265          State No. 163 Doublet     AU        
 -107.755587265435          State No. 164 Doublet     AU        
 -107.704907509081          State No. 165 Doublet     AU        
 -107.688529072283          State No. 166 Doublet     AU        
 -107.681040042015          State No. 167 Doublet     AU        
 -107.677441976547          State No. 168 Doublet     AU        
 -108.233706317892          State No. 169 Quartet     AG        
 -108.217630718284          State No. 170 Quartet     AG        
 -108.121591857751          State No. 171 Quartet     AG        
 -108.088925337565          State No. 172 Quartet     AG        
 -108.055370190629          State No. 173 Quartet     AG        
 -108.028891045914          State No. 174 Quartet     AG        
 -108.008138876560          State No. 175 Quartet     AG        
 -108.002807561399          State No. 176 Quartet     AG        
 -107.894134948866          State No. 177 Quartet     AG        
 -107.814307369694          State No. 178 Quartet     AG        
 -107.778958347672          State No. 179 Quartet     AG        
 -107.756694941868          State No. 180 Quartet     AG        
 -107.737639457175          State No. 181 Quartet     AG        
 -108.192892046127          State No. 182 Quartet     B3U       
 -108.118251086773          State No. 183 Quartet     B3U       
 -108.033791623675          State No. 184 Quartet     B3U       
 -108.017439766787          State No. 185 Quartet     B3U       
 -107.972366594233          State No. 186 Quartet     B3U       
 -107.964961958348          State No. 187 Quartet     B3U       
 -107.935532929757          State No. 188 Quartet     B3U       
 -107.885441453211          State No. 189 Quartet     B3U       
 -107.805244372974          State No. 190 Quartet     B3U       
 -107.794340789815          State No. 191 Quartet     B3U       
 -107.753341551827          State No. 192 Quartet     B3U       
 -107.736712066010          State No. 193 Quartet     B3U       
 -107.722420892614          State No. 194 Quartet     B3U       
 -107.693283349772          State No. 195 Quartet     B3U       
 -107.676706618136          State No. 196 Quartet     B3U       
 -108.194717025278          State No. 197 Quartet     B2U       
 -108.118588534502          State No. 198 Quartet     B2U       
 -108.032983512083          State No. 199 Quartet     B2U       
 -108.018297689223          State No. 200 Quartet     B2U       
 -107.975351862738          State No. 201 Quartet     B2U       
 -107.964984723528          State No. 202 Quartet     B2U       
 -107.934409990155          State No. 203 Quartet     B2U       
 -107.884975407884          State No. 204 Quartet     B2U       
 -107.804585726251          State No. 205 Quartet     B2U       
 -107.796715129959          State No. 206 Quartet     B2U       
 -107.753341876678          State No. 207 Quartet     B2U       
 -107.736612030338          State No. 208 Quartet     B2U       
 -107.723262228794          State No. 209 Quartet     B2U       
 -107.693587291207          State No. 210 Quartet     B2U       
 -107.677118465424          State No. 211 Quartet     B2U       
 -108.217634754039          State No. 212 Quartet     B1G       
 -108.184277359751          State No. 213 Quartet     B1G       
 -108.089037823646          State No. 214 Quartet     B1G       
 -108.072837743569          State No. 215 Quartet     B1G       
 -108.028975600321          State No. 216 Quartet     B1G       
 -108.003308082014          State No. 217 Quartet     B1G       
 -108.000680266536          State No. 218 Quartet     B1G       
 -107.881690399224          State No. 219 Quartet     B1G       
 -107.778995812035          State No. 220 Quartet     B1G       
 -107.752251281492          State No. 221 Quartet     B1G       
 -107.737743769168          State No. 222 Quartet     B1G       
 -107.719906858646          State No. 223 Quartet     B1G       
 -108.358771000371          State No. 224 Quartet     B1U       
 -108.294667902324          State No. 225 Quartet     B1U       
 -107.999897069130          State No. 226 Quartet     B1U       
 -107.994228689613          State No. 227 Quartet     B1U       
 -107.970211584399          State No. 228 Quartet     B1U       
 -107.936091078747          State No. 229 Quartet     B1U       
 -107.809969558189          State No. 230 Quartet     B1U       
 -107.806983360683          State No. 231 Quartet     B1U       
 -107.775743760281          State No. 232 Quartet     B1U       
 -107.749076100664          State No. 233 Quartet     B1U       
 -107.747634933866          State No. 234 Quartet     B1U       
 -107.701719216026          State No. 235 Quartet     B1U       
 -108.333894407142          State No. 236 Quartet     B2G       
 -108.108072786960          State No. 237 Quartet     B2G       
 -107.986108541045          State No. 238 Quartet     B2G       
 -107.920243167580          State No. 239 Quartet     B2G       
 -107.888358248612          State No. 240 Quartet     B2G       
 -107.879688832421          State No. 241 Quartet     B2G       
 -107.878667189824          State No. 242 Quartet     B2G       
 -107.833279158700          State No. 243 Quartet     B2G       
 -107.820403304170          State No. 244 Quartet     B2G       
 -107.812183935344          State No. 245 Quartet     B2G       
 -107.784483708905          State No. 246 Quartet     B2G       
 -107.760240099791          State No. 247 Quartet     B2G       
 -107.737786519771          State No. 248 Quartet     B2G       
 -107.723864672929          State No. 249 Quartet     B2G       
 -107.688101418171          State No. 250 Quartet     B2G       
 -108.337110322581          State No. 251 Quartet     B3G       
 -108.108366287311          State No. 252 Quartet     B3G       
 -107.985785900532          State No. 253 Quartet     B3G       
 -107.919444537763          State No. 254 Quartet     B3G       
 -107.887876953151          State No. 255 Quartet     B3G       
 -107.879905609689          State No. 256 Quartet     B3G       
 -107.878707330851          State No. 257 Quartet     B3G       
 -107.835714052626          State No. 258 Quartet     B3G       
 -107.823123827234          State No. 259 Quartet     B3G       
 -107.812200988433          State No. 260 Quartet     B3G       
 -107.781819571075          State No. 261 Quartet     B3G       
 -107.758767262843          State No. 262 Quartet     B3G       
 -107.739105346001          State No. 263 Quartet     B3G       
 -107.722866269569          State No. 264 Quartet     B3G       
 -107.689347802174          State No. 265 Quartet     B3G       
 -108.294704804179          State No. 266 Quartet     AU        
 -108.267783524993          State No. 267 Quartet     AU        
 -108.107055493147          State No. 268 Quartet     AU        
 -107.994379011231          State No. 269 Quartet     AU        
 -107.972503679572          State No. 270 Quartet     AU        
 -107.970082941114          State No. 271 Quartet     AU        
 -107.940962293012          State No. 272 Quartet     AU        
 -107.807867749752          State No. 273 Quartet     AU        
 -107.798008990939          State No. 274 Quartet     AU        
 -107.777403685305          State No. 275 Quartet     AU        
 -107.767326170521          State No. 276 Quartet     AU        
 -107.748796157505          State No. 277 Quartet     AU        
 -107.709111599195          State No. 278 Quartet     AU        
 -107.701679047464          State No. 279 Quartet     AU        

See file results/SelectedTargetStates.txt for vertical excitation energies
 of the selected states in energy order.


*************************************************************

Vertical excitation energies in eV:

*************************************************************


Doublet  B2u 0.0
Doublet  B3u 0.029930999999833573
Doublet  Ag 0.2530529999998936
Quartet  B1u 1.3115219999998435
Quartet  B3g 1.901978999999724
Quartet  B2g 1.989050999999908
Doublet  B1u 2.5414140000000707
Doublet  B3g 2.7155580000000517
Doublet  B2g 2.7563729999998596
Quartet  Au 3.055682999999742




*******************************************************

Commencing the N+1 inner region scattering calculation

*******************************************************


************************************************************

program SWORD: sorting and ordering of molecular integrals

************************************************************


**************************************************************

program SWEDMOS: orthogonalisation of bound and continuum MOs

**************************************************************


****************************************************

program SWTRMO: transforming and ordering of integrals

****************************************************


**************************************************************

Generating scattering trial close-coupling wavefunctions

**************************************************************
Running congen job: congen1np1.data
Running scatci job: ci1np1.data

Running congen job: congen2np1.data
Running scatci job: ci2np1.data

Running congen job: congen3np1.data
Running scatci job: ci3np1.data

Running congen job: congen4np1.data
Running scatci job: ci4np1.data

Running congen job: congen5np1.data
Running scatci job: ci5np1.data

Running congen job: congen6np1.data
Running scatci job: ci6np1.data

Running congen job: congen7np1.data
Running scatci job: ci7np1.data

Running congen job: congen8np1.data
Running scatci job: ci8np1.data

Running congen job: congen9np1.data
Running scatci job: ci9np1.data

Running congen job: congen10np1.data
Running scatci job: ci10np1.data

Running congen job: congen11np1.data
Running scatci job: ci11np1.data

Running congen job: congen12np1.data
Running scatci job: ci12np1.data

Running congen job: congen13np1.data
Running scatci job: ci13np1.data

Running congen job: congen14np1.data
Running scatci job: ci14np1.data

Running congen job: congen15np1.data
Running scatci job: ci15np1.data

Running congen job: congen16np1.data
Running scatci job: ci16np1.data


Scattering state 1
Scattering state 2
Scattering state 3
Scattering state 4
Scattering state 5
Scattering state 6
Scattering state 7
Scattering state 8
Scattering state 9
Scattering state 10
Scattering state 11
Scattering state 12
Scattering state 13
Scattering state 14
Scattering state 15
Scattering state 16

R-Matrix generation for scattering state 1
R-Matrix generation for scattering state 2
R-Matrix generation for scattering state 3
R-Matrix generation for scattering state 4
R-Matrix generation for scattering state 5
R-Matrix generation for scattering state 6
R-Matrix generation for scattering state 7
R-Matrix generation for scattering state 8
R-Matrix generation for scattering state 9
R-Matrix generation for scattering state 10
R-Matrix generation for scattering state 11
R-Matrix generation for scattering state 12
R-Matrix generation for scattering state 13
R-Matrix generation for scattering state 14
R-Matrix generation for scattering state 15
R-Matrix generation for scattering state 16
Sorting phase shifts
Summing cross sections over the scattering symmetries: 
1Ag, 3Ag, 1B3u, 3B3u, 1B2u, 3B2u, 1B1g, 3B1g, 1B1u, 3B1u, 1B2g, 3B2g, 1B3g, 3B3g, 1Au, 3Au, 


Calculating born correction and adding to the summed cross section
*************************************************

Computing the Binary-Encounter-Bethe (BEB) ionisation cross section

*************************************************

By Koopman's theorem the ionisation energy of N2+ is 12.295 eV

BEB cross section written to /home/conner/soft/QNEE6.1/workspace/project/N2+_ES_CAS3_open5_26/results/xsec-beb.dat

*************************************************

Calculating the BE scaled born cross section

*************************************************

Ionisation energy from BEB =  12.295
State Number 	 Energy (eV) 	 Spin 	 Irrep 	 Dipole Transition Moment
State ... 01 / 10	000.000000000	Doublet	B2U	0.0
State ... 02 / 10	000.029932523	Doublet	B3U	0.1929417
State ... 03 / 10	000.253065877	Doublet	AG	0.158771
State ... 04 / 10	001.311588738	Quartet	B1U	0.0
State ... 05 / 10	001.902075784	Quartet	B3G	0.0
State ... 06 / 10	001.989152214	Quartet	B2G	0.0
State ... 07 / 10	002.541543322	Doublet	B1U	0.0
State ... 08 / 10	002.715696183	Doublet	B3G	-0.2430987
State ... 09 / 10	002.756513260	Doublet	B2G	0.0
State ... 10 / 10	003.055838491	Quartet	AU	0.0
1
2
3

Number of Dipole allowed transitions: 3
Calculating rate coefficients and Arrhenius parameters


*****************************************************

!!!IMPORTANT PLEASE READ THE FOLLOWING CAREFULLY!!!

*****************************************************

end.message
Date and time :Mon Aug 12 09:53:41 EDT 2024

=====================================================
R-matrix calculation of e-N2+ scattering complete
=====================================================

All important target and scattering data may be found in:
/home/conner/soft/QNEE6.1/workspace/project/N2+_ES_CAS3_open5_26/results

=====================================================
N2+ Target Quantum Chemistry Results Files
=====================================================

Quantemol-N produces:

target electronic energies;
target ground state configuration;
target transition moments
target vertical excitation energies

For ground state electron configuration see file 'moen_message.txt';
for target energies see file(s) 'target.prop' or 'trg.energy';
for target transition moments see 'target-all.prop'
Molecule spherical polarisability and, where appropriate, the diagonal components of the polarisability (see file 'molecule.polarisability')
For target vertical excitation energies see file 'SelectedTargetStates.txt'

=====================================================
N2+ Scattering Results Files
=====================================================


Quantemol-N produces:

eigenphase shifts;
total cross sections;
ionisation cross section using the Binary-Encounter-Bethe model;
rates
target vertical excitation energies

For resonances see file 'reson_message'
For eigenphase sum data see files 'eigenp1.dat' and eigenp3.dat
For total cross section data see file 'xsec_1.dat'
electronic excitation cross section are in file 'xsec-exc.dat
For rates data see file 'rates.dat'
K-matrix files have suffixes .kmat, the prefix symbols are the scattering states
R-matrix files have suffixes .rmat, the prefix symbols are the scattering states
T-matrix files have suffixes .tmat, the prefix symbols are the scattering states
Channel files have suffixes .channel, the prefix symbols are the scattering states
