Pre-clean successful: false
Date and time :Fri May 31 05:26:22 EDT 2024



*****************************************************

Analysing molecular symmetry:

*****************************************************


N2+ has 1 symmetrically non-redundant atoms


The symmetrically non-redundant atoms are:
[N1]

Point group of N2+: D2h

Generating symmetry operations for this group:
Reflection in the X-Y plane.
Reflection in the X-Z plane.
Reflection in the Y-Z plane.

Molecular charge is +1

Geometry employed (quoted in Angstroms in the centre of mass frame):
N 0.0000 0.0000 0.6900
N 0.0000 0.0000 -0.6900


Basis set used: DZP

******************************************************

Sorting and Ordering of Integrals

******************************************************

*******************************************************

Running Molpro

*******************************************************



*******************************************************

Running MPOUTRD

*******************************************************




Orbital Energies and Occupations.

SYM  1	ORB   1	 -441.61600 eV	2 OCC
SYM  5	ORB   1	 -441.59201 eV	2 OCC
SYM  1	ORB   2	  -46.18900 eV	2 OCC
SYM  5	ORB   2	  -33.48900 eV	2 OCC
SYM  2	ORB   1	  -24.93100 eV	2 OCC
SYM  3	ORB   1	  -24.93100 eV	2 OCC
SYM  1	ORB   3	  -14.49700 eV	1 OCC
SYM  6	ORB   1	   -9.93200 eV	0 OCC
SYM  7	ORB   1	   -9.93200 eV	0 OCC
SYM  5	ORB   3	   -0.82700 eV	0 OCC
SYM  5	ORB   4	    6.85200 eV	0 OCC
SYM  2	ORB   2	    8.30500 eV	0 OCC
SYM  3	ORB   2	    8.30500 eV	0 OCC
SYM  1	ORB   4	    8.49000 eV	0 OCC
SYM  6	ORB   2	   10.89000 eV	0 OCC
SYM  7	ORB   2	   10.89000 eV	0 OCC
SYM  1	ORB   5	   13.29000 eV	0 OCC
SYM  5	ORB   5	   26.96900 eV	0 OCC
SYM  2	ORB   3	   33.83500 eV	0 OCC
SYM  3	ORB   3	   33.83500 eV	0 OCC
SYM  1	ORB   6	   38.55000 eV	0 OCC
SYM  4	ORB   1	   38.55000 eV	0 OCC
SYM  5	ORB   6	   46.48200 eV	0 OCC
SYM  8	ORB   1	   46.48200 eV	0 OCC
SYM  1	ORB   7	   50.45500 eV	0 OCC
SYM  6	ORB   3	   59.41900 eV	0 OCC
SYM  7	ORB   3	   59.41900 eV	0 OCC
SYM  5	ORB   7	   64.14000 eV	0 OCC
SYM  1	ORB   8	  876.97900 eV	0 OCC
SYM  5	ORB   8	  882.88702 eV	0 OCC


Number of molecular orbitals per symmetry: [8, 3, 3, 1, 8, 3, 3, 1]

Quantum chemistry model: 

Suggested frozen orbitals: [1, 0, 0, 0, 1, 0, 0, 0]
Suggested complete active space: [3, 1, 1, 0, 4, 1, 1, 0]


**************************************************************

Orthogonalising molecular orbitals (Programme SWEDMOS)

**************************************************************


**************************************************************

Transforming intergrals (Programme SWTRMO)

**************************************************************


**************************************************************

Generating N2+ Target wavefunctions

**************************************************************

Running congen job: congen1.data

 *** TOTAL NUMBER OF GENERATED CSF'S FOR THE GROUND STATE IS   1144
*** This target calculation should not take long !

Running scatci job: ci1.data
Running congen job: congen2.data
Running scatci job: ci2.data
Running congen job: congen3.data
Running scatci job: ci3.data
Running congen job: congen4.data
Running scatci job: ci4.data
Running congen job: congen5.data
Running scatci job: ci5.data
Running congen job: congen6.data
Running scatci job: ci6.data
Running congen job: congen7.data
Running scatci job: ci7.data
Running congen job: congen8.data
Running scatci job: ci8.data
Running congen job: congen9.data
Running scatci job: ci9.data
Running congen job: congen10.data
Running scatci job: ci10.data
Running congen job: congen11.data
Running scatci job: ci11.data
Running congen job: congen12.data
Running scatci job: ci12.data
Running congen job: congen13.data
Running scatci job: ci13.data
Running congen job: congen14.data
Running scatci job: ci14.data
Running congen job: congen15.data
Running scatci job: ci15.data
Running congen job: congen16.data
Running scatci job: ci16.data

STATE ENERGIES FOR THE MOLECULAR TARGET ARE: 

   Energy (Hartree)                     State

 -108.487741671373          State No.   1 Doublet     AG        
 -108.162672982466          State No.   2 Doublet     AG        
 -108.116622101975          State No.   3 Doublet     AG        
 -108.071294032551          State No.   4 Doublet     AG        
 -108.070809031256          State No.   5 Doublet     AG        
 -108.066180144700          State No.   6 Doublet     AG        
 -108.019936244477          State No.   7 Doublet     AG        
 -108.003767258632          State No.   8 Doublet     AG        
 -107.970529386203          State No.   9 Doublet     AG        
 -107.938876171922          State No.  10 Doublet     AG        
 -107.918293053712          State No.  11 Doublet     AG        
 -107.870978064132          State No.  12 Doublet     AG        
 -107.850414801625          State No.  13 Doublet     AG        
 -107.780484565169          State No.  14 Doublet     AG        
 -107.762546274819          State No.  15 Doublet     AG        
 -108.484577903999          State No.  16 Doublet     B3U       
 -108.090251026295          State No.  17 Doublet     B3U       
 -108.074428418979          State No.  18 Doublet     B3U       
 -108.040170641882          State No.  19 Doublet     B3U       
 -108.015110779198          State No.  20 Doublet     B3U       
 -108.008499326023          State No.  21 Doublet     B3U       
 -107.980103790757          State No.  22 Doublet     B3U       
 -107.975521894473          State No.  23 Doublet     B3U       
 -107.928999919670          State No.  24 Doublet     B3U       
 -107.804350686969          State No.  25 Doublet     B3U       
 -107.803651031241          State No.  26 Doublet     B3U       
 -107.774156697868          State No.  27 Doublet     B3U       
 -107.754610885725          State No.  28 Doublet     B3U       
 -108.484577903999          State No.  29 Doublet     B2U       
 -108.090251026295          State No.  30 Doublet     B2U       
 -108.074428418979          State No.  31 Doublet     B2U       
 -108.040170641883          State No.  32 Doublet     B2U       
 -108.015110779197          State No.  33 Doublet     B2U       
 -108.008499326023          State No.  34 Doublet     B2U       
 -107.980103790757          State No.  35 Doublet     B2U       
 -107.975521894473          State No.  36 Doublet     B2U       
 -107.928999919670          State No.  37 Doublet     B2U       
 -107.804350686969          State No.  38 Doublet     B2U       
 -107.803651031241          State No.  39 Doublet     B2U       
 -107.774156697868          State No.  40 Doublet     B2U       
 -107.754610885725          State No.  41 Doublet     B2U       
 -108.116622101975          State No.  42 Doublet     B1G       
 -108.081160194962          State No.  43 Doublet     B1G       
 -108.070809031256          State No.  44 Doublet     B1G       
 -108.066906762657          State No.  45 Doublet     B1G       
 -108.066180144700          State No.  46 Doublet     B1G       
 -108.019936244478          State No.  47 Doublet     B1G       
 -107.970529386203          State No.  48 Doublet     B1G       
 -107.959467554036          State No.  49 Doublet     B1G       
 -107.921844167207          State No.  50 Doublet     B1G       
 -107.918293053712          State No.  51 Doublet     B1G       
 -107.850414801625          State No.  52 Doublet     B1G       
 -107.835830802538          State No.  53 Doublet     B1G       
 -107.819697837205          State No.  54 Doublet     B1G       
 -107.762546274819          State No.  55 Doublet     B1G       
 -108.363660343671          State No.  56 Doublet     B1U       
 -108.253210315465          State No.  57 Doublet     B1U       
 -108.236376187281          State No.  58 Doublet     B1U       
 -108.234388613162          State No.  59 Doublet     B1U       
 -108.056494032008          State No.  60 Doublet     B1U       
 -107.965021912668          State No.  61 Doublet     B1U       
 -107.954793445763          State No.  62 Doublet     B1U       
 -107.913701007387          State No.  63 Doublet     B1U       
 -107.876524736947          State No.  64 Doublet     B1U       
 -107.835566779108          State No.  65 Doublet     B1U       
 -107.818990347441          State No.  66 Doublet     B1U       
 -107.818030125144          State No.  67 Doublet     B1U       
 -107.812026259949          State No.  68 Doublet     B1U       
 -107.772926387486          State No.  69 Doublet     B1U       
 -107.755391275792          State No.  70 Doublet     B1U       
 -108.312282929163          State No.  71 Doublet     B2G       
 -108.266259461147          State No.  72 Doublet     B2G       
 -108.245419884969          State No.  73 Doublet     B2G       
 -108.219292614441          State No.  74 Doublet     B2G       
 -108.122981684276          State No.  75 Doublet     B2G       
 -107.954242551664          State No.  76 Doublet     B2G       
 -107.915855989615          State No.  77 Doublet     B2G       
 -107.863307639208          State No.  78 Doublet     B2G       
 -107.855460080157          State No.  79 Doublet     B2G       
 -107.820195000750          State No.  80 Doublet     B2G       
 -107.812633744068          State No.  81 Doublet     B2G       
 -107.805553650221          State No.  82 Doublet     B2G       
 -108.312282929163          State No.  83 Doublet     B3G       
 -108.266259461148          State No.  84 Doublet     B3G       
 -108.245419884969          State No.  85 Doublet     B3G       
 -108.219292614441          State No.  86 Doublet     B3G       
 -108.122981684276          State No.  87 Doublet     B3G       
 -107.954242551664          State No.  88 Doublet     B3G       
 -107.915855989615          State No.  89 Doublet     B3G       
 -107.863307639208          State No.  90 Doublet     B3G       
 -107.855460080158          State No.  91 Doublet     B3G       
 -107.820195000750          State No.  92 Doublet     B3G       
 -107.812633744068          State No.  93 Doublet     B3G       
 -107.805553650221          State No.  94 Doublet     B3G       
 -108.253210315465          State No.  95 Doublet     AU        
 -108.250749364891          State No.  96 Doublet     AU        
 -108.234388613162          State No.  97 Doublet     AU        
 -108.223929924342          State No.  98 Doublet     AU        
 -107.965021912669          State No.  99 Doublet     AU        
 -107.936344237678          State No. 100 Doublet     AU        
 -107.879365161223          State No. 101 Doublet     AU        
 -107.876524736947          State No. 102 Doublet     AU        
 -107.818990347441          State No. 103 Doublet     AU        
 -107.818030125145          State No. 104 Doublet     AU        
 -107.772926387486          State No. 105 Doublet     AU        
 -107.771631140875          State No. 106 Doublet     AU        
 -107.755391275792          State No. 107 Doublet     AU        
 -108.243374419019          State No. 108 Quartet     AG        
 -108.190839780489          State No. 109 Quartet     AG        
 -108.134921928293          State No. 110 Quartet     AG        
 -108.118893800017          State No. 111 Quartet     AG        
 -108.002032598497          State No. 112 Quartet     AG        
 -107.976261904087          State No. 113 Quartet     AG        
 -107.858490398238          State No. 114 Quartet     AG        
 -107.843839535482          State No. 115 Quartet     AG        
 -107.841412847974          State No. 116 Quartet     AG        
 -108.160126960588          State No. 117 Quartet     B3U       
 -108.115374290172          State No. 118 Quartet     B3U       
 -108.063198619887          State No. 119 Quartet     B3U       
 -107.905082079155          State No. 120 Quartet     B3U       
 -107.840569346117          State No. 121 Quartet     B3U       
 -107.827322286949          State No. 122 Quartet     B3U       
 -107.804988719295          State No. 123 Quartet     B3U       
 -107.796478473318          State No. 124 Quartet     B3U       
 -107.762410774054          State No. 125 Quartet     B3U       
 -108.160126960588          State No. 126 Quartet     B2U       
 -108.115374290172          State No. 127 Quartet     B2U       
 -108.063198619887          State No. 128 Quartet     B2U       
 -107.905082079155          State No. 129 Quartet     B2U       
 -107.840569346117          State No. 130 Quartet     B2U       
 -107.827322286949          State No. 131 Quartet     B2U       
 -107.804988719295          State No. 132 Quartet     B2U       
 -107.796478473318          State No. 133 Quartet     B2U       
 -107.762410774053          State No. 134 Quartet     B2U       
 -108.190839780489          State No. 135 Quartet     B1G       
 -108.166334771893          State No. 136 Quartet     B1G       
 -108.134921928293          State No. 137 Quartet     B1G       
 -108.099979250535          State No. 138 Quartet     B1G       
 -107.976261904087          State No. 139 Quartet     B1G       
 -107.963680776457          State No. 140 Quartet     B1G       
 -107.843839535482          State No. 141 Quartet     B1G       
 -108.386265823359          State No. 142 Quartet     B1U       
 -108.326225990914          State No. 143 Quartet     B1U       
 -107.974817941834          State No. 144 Quartet     B1U       
 -107.935379305627          State No. 145 Quartet     B1U       
 -107.908525021004          State No. 146 Quartet     B1U       
 -107.892340705031          State No. 147 Quartet     B1U       
 -108.345504603946          State No. 148 Quartet     B2G       
 -108.036567472044          State No. 149 Quartet     B2G       
 -107.985943617722          State No. 150 Quartet     B2G       
 -107.910893498254          State No. 151 Quartet     B2G       
 -107.900181353880          State No. 152 Quartet     B2G       
 -107.883407024838          State No. 153 Quartet     B2G       
 -107.860732349935          State No. 154 Quartet     B2G       
 -108.345504603946          State No. 155 Quartet     B3G       
 -108.036567472045          State No. 156 Quartet     B3G       
 -107.985943617722          State No. 157 Quartet     B3G       
 -107.910893498254          State No. 158 Quartet     B3G       
 -107.900181353880          State No. 159 Quartet     B3G       
 -107.883407024838          State No. 160 Quartet     B3G       
 -107.860732349935          State No. 161 Quartet     B3G       
 -108.326225990914          State No. 162 Quartet     AU        
 -108.300858223338          State No. 163 Quartet     AU        
 -108.021051410245          State No. 164 Quartet     AU        
 -107.974817941834          State No. 165 Quartet     AU        
 -107.936521351282          State No. 166 Quartet     AU        
 -107.908525021004          State No. 167 Quartet     AU        
 -107.890682037845          State No. 168 Quartet     AU        
 -107.811315231617          State No. 169 Quartet     AU        

See file results/SelectedTargetStates.txt for vertical excitation energies
 of the selected states in energy order.


*************************************************************

Vertical excitation energies in eV:

*************************************************************


Doublet  Ag 0.0
Doublet  B2u 0.08435100000009342
Doublet  B3u 0.08435100000009342
Quartet  B1u 2.75909399999995
Doublet  B1u 3.374040000000257
Quartet  B3g 3.8692620000000693
Quartet  B2g 3.8692620000000693
Quartet  B1u 4.3944150000001025
Quartet  Au 4.3944150000001025
Doublet  B2g 4.772634000000284




*******************************************************

Commencing the N+1 inner region scattering calculation

*******************************************************


************************************************************

program SWORD: sorting and ordering of molecular integrals

************************************************************


**************************************************************

program SWEDMOS: orthogonalisation of bound and continuum MOs

**************************************************************


****************************************************

program SWTRMO: transforming and ordering of integrals

****************************************************


**************************************************************

Generating scattering trial close-coupling wavefunctions

**************************************************************
Running congen job: congen1np1.data
Running scatci job: ci1np1.data

Running congen job: congen2np1.data
Running scatci job: ci2np1.data

Running congen job: congen3np1.data
Running scatci job: ci3np1.data

Running congen job: congen4np1.data
Running scatci job: ci4np1.data

Running congen job: congen5np1.data
Running scatci job: ci5np1.data

Running congen job: congen6np1.data
Running scatci job: ci6np1.data

Running congen job: congen7np1.data
Running scatci job: ci7np1.data

Running congen job: congen8np1.data
Running scatci job: ci8np1.data

Running congen job: congen9np1.data
Running scatci job: ci9np1.data

Running congen job: congen10np1.data
Running scatci job: ci10np1.data

Running congen job: congen11np1.data
Running scatci job: ci11np1.data

Running congen job: congen12np1.data
Running scatci job: ci12np1.data

Running congen job: congen13np1.data
Running scatci job: ci13np1.data

Running congen job: congen14np1.data
Running scatci job: ci14np1.data

Running congen job: congen15np1.data
Running scatci job: ci15np1.data

Running congen job: congen16np1.data
Running scatci job: ci16np1.data


Scattering state 1
Scattering state 2
Scattering state 3
Scattering state 4
Scattering state 5
Scattering state 6
Scattering state 7
Scattering state 8
Scattering state 9
Scattering state 10
Scattering state 11
Scattering state 12
Scattering state 13
Scattering state 14
Scattering state 15
Scattering state 16

R-Matrix generation for scattering state 1
R-Matrix generation for scattering state 2
R-Matrix generation for scattering state 3
R-Matrix generation for scattering state 4
R-Matrix generation for scattering state 5
R-Matrix generation for scattering state 6
R-Matrix generation for scattering state 7
R-Matrix generation for scattering state 8
R-Matrix generation for scattering state 9
R-Matrix generation for scattering state 10
R-Matrix generation for scattering state 11
R-Matrix generation for scattering state 12
R-Matrix generation for scattering state 13
R-Matrix generation for scattering state 14
R-Matrix generation for scattering state 15
R-Matrix generation for scattering state 16
Sorting phase shifts
Summing cross sections over the scattering symmetries: 
1Ag, 3Ag, 1B3u, 3B3u, 1B2u, 3B2u, 1B1g, 3B1g, 1B1u, 3B1u, 1B2g, 3B2g, 1B3g, 3B3g, 1Au, 3Au, 


Calculating born correction and adding to the summed cross section
*************************************************

Computing the Binary-Encounter-Bethe (BEB) ionisation cross section

*************************************************

By Koopman's theorem the ionisation energy of N2+ is 14.497 eV

BEB cross section written to /home/conner/soft/QNEE6.1/workspace/project/N2+_ES_CAS3_open5_17/results/xsec-beb.dat

*************************************************

Calculating the BE scaled born cross section

*************************************************

Ionisation energy from BEB =  14.497
State Number 	 Energy (eV) 	 Spin 	 Irrep 	 Dipole Transition Moment
State ... 01 / 10	000.000000000	Doublet	AG	0.0
State ... 02 / 10	000.084355292	Doublet	B2U	-0.2108902
State ... 03 / 10	000.084355292	Doublet	B3U	0.2108902
State ... 04 / 10	002.759234398	Quartet	B1U	0.0
State ... 05 / 10	003.374211690	Doublet	B1U	-0.4653201
State ... 06 / 10	003.869458890	Quartet	B3G	0.0
State ... 07 / 10	003.869458890	Quartet	B2G	0.0
State ... 08 / 10	004.394638613	Quartet	B1U	0.0
State ... 09 / 10	004.394638613	Quartet	AU	0.0
State ... 10 / 10	004.772876859	Doublet	B2G	0.0
1
2
3

Number of Dipole allowed transitions: 3
Calculating rate coefficients and Arrhenius parameters


*****************************************************

!!!IMPORTANT PLEASE READ THE FOLLOWING CAREFULLY!!!

*****************************************************

end.message
Date and time :Fri May 31 05:51:58 EDT 2024

=====================================================
R-matrix calculation of e-N2+ scattering complete
=====================================================

All important target and scattering data may be found in:
/home/conner/soft/QNEE6.1/workspace/project/N2+_ES_CAS3_open5_17/results

=====================================================
N2+ Target Quantum Chemistry Results Files
=====================================================

Quantemol-N produces:

target electronic energies;
target ground state configuration;
target transition moments
target vertical excitation energies

For ground state electron configuration see file 'moen_message.txt';
for target energies see file(s) 'target.prop' or 'trg.energy';
for target transition moments see 'target-all.prop'
Molecule spherical polarisability and, where appropriate, the diagonal components of the polarisability (see file 'molecule.polarisability')
For target vertical excitation energies see file 'SelectedTargetStates.txt'

=====================================================
N2+ Scattering Results Files
=====================================================


Quantemol-N produces:

eigenphase shifts;
total cross sections;
ionisation cross section using the Binary-Encounter-Bethe model;
rates
target vertical excitation energies

For resonances see file 'reson_message'
For eigenphase sum data see files 'eigenp1.dat' and eigenp3.dat
For total cross section data see file 'xsec_1.dat'
electronic excitation cross section are in file 'xsec-exc.dat
For rates data see file 'rates.dat'
K-matrix files have suffixes .kmat, the prefix symbols are the scattering states
R-matrix files have suffixes .rmat, the prefix symbols are the scattering states
T-matrix files have suffixes .tmat, the prefix symbols are the scattering states
Channel files have suffixes .channel, the prefix symbols are the scattering states
