Pre-clean successful: false
Date and time :Mon Aug 12 09:37:42 EDT 2024



*****************************************************

Analysing molecular symmetry:

*****************************************************


N2+ has 1 symmetrically non-redundant atoms


The symmetrically non-redundant atoms are:
[N1]

Point group of N2+: D2h

Generating symmetry operations for this group:
Reflection in the X-Y plane.
Reflection in the X-Z plane.
Reflection in the Y-Z plane.

Molecular charge is +1

Geometry employed (quoted in Angstroms in the centre of mass frame):
N 0.0000 0.0000 0.7140
N 0.0000 0.0000 -0.7140


Basis set used: DZP

******************************************************

Sorting and Ordering of Integrals

******************************************************

*******************************************************

Running Molpro

*******************************************************



*******************************************************

Running MPOUTRD

*******************************************************




Orbital Energies and Occupations.

SYM  1	ORB   1	 -441.14801 eV	2 OCC
SYM  5	ORB   1	 -441.12399 eV	2 OCC
SYM  1	ORB   2	  -45.71500 eV	2 OCC
SYM  5	ORB   2	  -34.23500 eV	2 OCC
SYM  1	ORB   3	  -26.65900 eV	2 OCC
SYM  3	ORB   1	  -24.48200 eV	2 OCC
SYM  2	ORB   1	  -12.94200 eV	1 OCC
SYM  6	ORB   1	  -10.90600 eV	0 OCC
SYM  7	ORB   1	   -9.87200 eV	0 OCC
SYM  5	ORB   3	   -1.36100 eV	0 OCC
SYM  2	ORB   2	    7.67600 eV	0 OCC
SYM  5	ORB   4	    7.75000 eV	0 OCC
SYM  3	ORB   2	    8.36800 eV	0 OCC
SYM  1	ORB   4	    9.27900 eV	0 OCC
SYM  6	ORB   2	   10.52500 eV	0 OCC
SYM  7	ORB   2	   11.09100 eV	0 OCC
SYM  1	ORB   5	   13.47200 eV	0 OCC
SYM  5	ORB   5	   26.43000 eV	0 OCC
SYM  2	ORB   3	   33.74200 eV	0 OCC
SYM  3	ORB   3	   34.62100 eV	0 OCC
SYM  1	ORB   6	   38.34900 eV	0 OCC
SYM  4	ORB   1	   38.36500 eV	0 OCC
SYM  5	ORB   6	   45.43200 eV	0 OCC
SYM  8	ORB   1	   45.43200 eV	0 OCC
SYM  1	ORB   7	   49.29300 eV	0 OCC
SYM  6	ORB   3	   58.20200 eV	0 OCC
SYM  7	ORB   3	   59.08100 eV	0 OCC
SYM  5	ORB   7	   65.19300 eV	0 OCC
SYM  1	ORB   8	  877.64899 eV	0 OCC
SYM  5	ORB   8	  882.54401 eV	0 OCC


Number of molecular orbitals per symmetry: [8, 3, 3, 1, 8, 3, 3, 1]

Quantum chemistry model: 

Suggested frozen orbitals: [1, 0, 0, 0, 1, 0, 0, 0]
Suggested complete active space: [3, 1, 1, 0, 3, 1, 1, 0]


**************************************************************

Orthogonalising molecular orbitals (Programme SWEDMOS)

**************************************************************


**************************************************************

Transforming intergrals (Programme SWTRMO)

**************************************************************


**************************************************************

Generating N2+ Target wavefunctions

**************************************************************

Running congen job: congen1.data

 *** TOTAL NUMBER OF GENERATED CSF'S FOR THE GROUND STATE IS    308
*** This target calculation should not take long !

Running scatci job: ci1.data
Running congen job: congen2.data
Running scatci job: ci2.data
Running congen job: congen3.data
Running scatci job: ci3.data
Running congen job: congen4.data
Running scatci job: ci4.data
Running congen job: congen5.data
Running scatci job: ci5.data
Running congen job: congen6.data
Running scatci job: ci6.data
Running congen job: congen7.data
Running scatci job: ci7.data
Running congen job: congen8.data
Running scatci job: ci8.data
Running congen job: congen9.data
Running scatci job: ci9.data
Running congen job: congen10.data
Running scatci job: ci10.data
Running congen job: congen11.data
Running scatci job: ci11.data
Running congen job: congen12.data
Running scatci job: ci12.data
Running congen job: congen13.data
Running scatci job: ci13.data
Running congen job: congen14.data
Running scatci job: ci14.data
Running congen job: congen15.data
Running scatci job: ci15.data
Running congen job: congen16.data
Running scatci job: ci16.data

STATE ENERGIES FOR THE MOLECULAR TARGET ARE: 

   Energy (Hartree)                     State

 -108.443388373640          State No.   1 Doublet     AG        
 -108.155208995124          State No.   2 Doublet     AG        
 -108.117317274921          State No.   3 Doublet     AG        
 -108.071575698558          State No.   4 Doublet     AG        
 -108.050032689921          State No.   5 Doublet     AG        
 -108.049372563862          State No.   6 Doublet     AG        
 -108.025523067730          State No.   7 Doublet     AG        
 -108.008494844331          State No.   8 Doublet     AG        
 -107.949268092888          State No.   9 Doublet     AG        
 -107.921985213058          State No.  10 Doublet     AG        
 -107.886669261684          State No.  11 Doublet     AG        
 -107.856749556578          State No.  12 Doublet     AG        
 -107.831624312763          State No.  13 Doublet     AG        
 -107.798853109262          State No.  14 Doublet     AG        
 -107.789584646461          State No.  15 Doublet     AG        
 -107.751337181050          State No.  16 Doublet     AG        
 -108.444454622348          State No.  17 Doublet     B3U       
 -108.085072159676          State No.  18 Doublet     B3U       
 -108.075591053607          State No.  19 Doublet     B3U       
 -108.050415225173          State No.  20 Doublet     B3U       
 -108.024922100182          State No.  21 Doublet     B3U       
 -108.008082713284          State No.  22 Doublet     B3U       
 -107.974196287287          State No.  23 Doublet     B3U       
 -107.955095550737          State No.  24 Doublet     B3U       
 -107.915919321710          State No.  25 Doublet     B3U       
 -107.808861686921          State No.  26 Doublet     B3U       
 -107.782767983349          State No.  27 Doublet     B3U       
 -107.769962585868          State No.  28 Doublet     B3U       
 -107.764641185036          State No.  29 Doublet     B3U       
 -107.734458590904          State No.  30 Doublet     B3U       
 -107.713664445136          State No.  31 Doublet     B3U       
 -108.445244040650          State No.  32 Doublet     B2U       
 -108.086349085066          State No.  33 Doublet     B2U       
 -108.074778763689          State No.  34 Doublet     B2U       
 -108.050411614613          State No.  35 Doublet     B2U       
 -108.021924018672          State No.  36 Doublet     B2U       
 -108.008086328586          State No.  37 Doublet     B2U       
 -107.977272590211          State No.  38 Doublet     B2U       
 -107.953097178829          State No.  39 Doublet     B2U       
 -107.913903810839          State No.  40 Doublet     B2U       
 -107.809754462778          State No.  41 Doublet     B2U       
 -107.784051686103          State No.  42 Doublet     B2U       
 -107.769667508740          State No.  43 Doublet     B2U       
 -107.764642814120          State No.  44 Doublet     B2U       
 -107.733856170577          State No.  45 Doublet     B2U       
 -107.714556060992          State No.  46 Doublet     B2U       
 -108.117329177213          State No.  47 Doublet     B1G       
 -108.075226255894          State No.  48 Doublet     B1G       
 -108.071575780132          State No.  49 Doublet     B1G       
 -108.051983530564          State No.  50 Doublet     B1G       
 -108.049151532841          State No.  51 Doublet     B1G       
 -108.025284910976          State No.  52 Doublet     B1G       
 -107.949422086996          State No.  53 Doublet     B1G       
 -107.938652496867          State No.  54 Doublet     B1G       
 -107.895583432756          State No.  55 Doublet     B1G       
 -107.886424761928          State No.  56 Doublet     B1G       
 -107.843116809985          State No.  57 Doublet     B1G       
 -107.831693583961          State No.  58 Doublet     B1G       
 -107.809880971537          State No.  59 Doublet     B1G       
 -107.789635269359          State No.  60 Doublet     B1G       
 -108.326836785452          State No.  61 Doublet     B1U       
 -108.233755362688          State No.  62 Doublet     B1U       
 -108.210076613509          State No.  63 Doublet     B1U       
 -108.197037272164          State No.  64 Doublet     B1U       
 -108.026929821496          State No.  65 Doublet     B1U       
 -107.963383819868          State No.  66 Doublet     B1U       
 -107.950354447232          State No.  67 Doublet     B1U       
 -107.895112634509          State No.  68 Doublet     B1U       
 -107.884172299118          State No.  69 Doublet     B1U       
 -107.827711559958          State No.  70 Doublet     B1U       
 -107.813674577836          State No.  71 Doublet     B1U       
 -107.808511954321          State No.  72 Doublet     B1U       
 -107.800533307973          State No.  73 Doublet     B1U       
 -107.771044941834          State No.  74 Doublet     B1U       
 -107.752792170851          State No.  75 Doublet     B1U       
 -107.731143238062          State No.  76 Doublet     B1U       
 -108.297126573484          State No.  77 Doublet     B2G       
 -108.252584478511          State No.  78 Doublet     B2G       
 -108.231342839458          State No.  79 Doublet     B2G       
 -108.196435056501          State No.  80 Doublet     B2G       
 -108.102952932654          State No.  81 Doublet     B2G       
 -107.942908527853          State No.  82 Doublet     B2G       
 -107.898998065669          State No.  83 Doublet     B2G       
 -107.867653000723          State No.  84 Doublet     B2G       
 -107.856722764754          State No.  85 Doublet     B2G       
 -107.820329376021          State No.  86 Doublet     B2G       
 -107.799498597525          State No.  87 Doublet     B2G       
 -107.782899906556          State No.  88 Doublet     B2G       
 -107.739083119408          State No.  89 Doublet     B2G       
 -108.298525381622          State No.  90 Doublet     B3G       
 -108.252582430079          State No.  91 Doublet     B3G       
 -108.229145038329          State No.  92 Doublet     B3G       
 -108.194724192013          State No.  93 Doublet     B3G       
 -108.102979792428          State No.  94 Doublet     B3G       
 -107.943160566245          State No.  95 Doublet     B3G       
 -107.898466638908          State No.  96 Doublet     B3G       
 -107.867414300236          State No.  97 Doublet     B3G       
 -107.856723372429          State No.  98 Doublet     B3G       
 -107.822189283599          State No.  99 Doublet     B3G       
 -107.798921882329          State No. 100 Doublet     B3G       
 -107.783415014700          State No. 101 Doublet     B3G       
 -107.739084587715          State No. 102 Doublet     B3G       
 -108.233798739487          State No. 103 Doublet     AU        
 -108.227517953701          State No. 104 Doublet     AU        
 -108.209996525156          State No. 105 Doublet     AU        
 -108.203668503405          State No. 106 Doublet     AU        
 -107.963415237790          State No. 107 Doublet     AU        
 -107.938296481093          State No. 108 Doublet     AU        
 -107.888090248689          State No. 109 Doublet     AU        
 -107.884028245023          State No. 110 Doublet     AU        
 -107.808596164967          State No. 111 Doublet     AU        
 -107.800533457008          State No. 112 Doublet     AU        
 -107.777559619924          State No. 113 Doublet     AU        
 -107.771014914047          State No. 114 Doublet     AU        
 -107.752671319184          State No. 115 Doublet     AU        
 -107.744171669114          State No. 116 Doublet     AU        
 -108.216852344449          State No. 117 Quartet     AG        
 -108.182986801430          State No. 118 Quartet     AG        
 -108.115785037710          State No. 119 Quartet     AG        
 -108.110101961020          State No. 120 Quartet     AG        
 -107.989770268915          State No. 121 Quartet     AG        
 -107.958542402643          State No. 122 Quartet     AG        
 -107.865912961104          State No. 123 Quartet     AG        
 -107.861138143717          State No. 124 Quartet     AG        
 -107.837648889933          State No. 125 Quartet     AG        
 -107.720027665402          State No. 126 Quartet     AG        
 -108.127969907624          State No. 127 Quartet     B3U       
 -108.122057888987          State No. 128 Quartet     B3U       
 -108.048939334504          State No. 129 Quartet     B3U       
 -107.901134035538          State No. 130 Quartet     B3U       
 -107.841971490108          State No. 131 Quartet     B3U       
 -107.830154592575          State No. 132 Quartet     B3U       
 -107.805767769713          State No. 133 Quartet     B3U       
 -107.790773344305          State No. 134 Quartet     B3U       
 -107.762181338471          State No. 135 Quartet     B3U       
 -108.129268911768          State No. 136 Quartet     B2U       
 -108.122355084705          State No. 137 Quartet     B2U       
 -108.048544051540          State No. 138 Quartet     B2U       
 -107.901696417402          State No. 139 Quartet     B2U       
 -107.844235641335          State No. 140 Quartet     B2U       
 -107.830159157070          State No. 141 Quartet     B2U       
 -107.805159737807          State No. 142 Quartet     B2U       
 -107.790423276179          State No. 143 Quartet     B2U       
 -107.761714011754          State No. 144 Quartet     B2U       
 -108.182975070556          State No. 145 Quartet     B1G       
 -108.152885996236          State No. 146 Quartet     B1G       
 -108.110337206157          State No. 147 Quartet     B1G       
 -108.082812685560          State No. 148 Quartet     B1G       
 -107.958686211393          State No. 149 Quartet     B1G       
 -107.942530064904          State No. 150 Quartet     B1G       
 -107.864536759262          State No. 151 Quartet     B1G       
 -108.363704265106          State No. 152 Quartet     B1U       
 -108.303074117328          State No. 153 Quartet     B1U       
 -107.956982011847          State No. 154 Quartet     B1U       
 -107.941057575623          State No. 155 Quartet     B1U       
 -107.916851775759          State No. 156 Quartet     B1U       
 -107.887251112899          State No. 157 Quartet     B1U       
 -107.714898319625          State No. 158 Quartet     B1U       
 -108.328977822509          State No. 159 Quartet     B2G       
 -108.019440294913          State No. 160 Quartet     B2G       
 -107.964747616660          State No. 161 Quartet     B2G       
 -107.892809440426          State No. 162 Quartet     B2G       
 -107.888118129902          State No. 163 Quartet     B2G       
 -107.880297360310          State No. 164 Quartet     B2G       
 -107.839861276443          State No. 165 Quartet     B2G       
 -107.735178867093          State No. 166 Quartet     B2G       
 -107.727026267837          State No. 167 Quartet     B2G       
 -108.332610176920          State No. 168 Quartet     B3G       
 -108.019013705389          State No. 169 Quartet     B3G       
 -107.964660067002          State No. 170 Quartet     B3G       
 -107.892071652487          State No. 171 Quartet     B3G       
 -107.888118001142          State No. 172 Quartet     B3G       
 -107.880684778297          State No. 173 Quartet     B3G       
 -107.842132902014          State No. 174 Quartet     B3G       
 -107.734748523982          State No. 175 Quartet     B3G       
 -107.725827744809          State No. 176 Quartet     B3G       
 -108.303120167086          State No. 177 Quartet     AU        
 -108.276937887041          State No. 178 Quartet     AU        
 -108.011823145390          State No. 179 Quartet     AU        
 -107.956942435258          State No. 180 Quartet     AU        
 -107.920106456282          State No. 181 Quartet     AU        
 -107.916877290081          State No. 182 Quartet     AU        
 -107.896920382984          State No. 183 Quartet     AU        
 -107.793417854629          State No. 184 Quartet     AU        
 -107.714798743345          State No. 185 Quartet     AU        

See file results/SelectedTargetStates.txt for vertical excitation energies
 of the selected states in energy order.


*************************************************************

Vertical excitation energies in eV:

*************************************************************


Doublet  B2u 0.0
Doublet  B3u 0.01904699999985894
Doublet  Ag 0.048978000000079194
Quartet  B1u 2.2176150000001487
Quartet  B3g 3.063846000000013
Quartet  B2g 3.1618020000001716
Doublet  B1u 3.2216639999998384
Quartet  Au 3.866540999999979
Quartet  B1u 3.866540999999979
Doublet  B3g 3.991706999999881




*******************************************************

Commencing the N+1 inner region scattering calculation

*******************************************************


************************************************************

program SWORD: sorting and ordering of molecular integrals

************************************************************


**************************************************************

program SWEDMOS: orthogonalisation of bound and continuum MOs

**************************************************************


****************************************************

program SWTRMO: transforming and ordering of integrals

****************************************************


**************************************************************

Generating scattering trial close-coupling wavefunctions

**************************************************************
Running congen job: congen1np1.data
Running scatci job: ci1np1.data

Running congen job: congen2np1.data
Running scatci job: ci2np1.data

Running congen job: congen3np1.data
Running scatci job: ci3np1.data

Running congen job: congen4np1.data
Running scatci job: ci4np1.data

Running congen job: congen5np1.data
Running scatci job: ci5np1.data

Running congen job: congen6np1.data
Running scatci job: ci6np1.data

Running congen job: congen7np1.data
Running scatci job: ci7np1.data

Running congen job: congen8np1.data
Running scatci job: ci8np1.data

Running congen job: congen9np1.data
Running scatci job: ci9np1.data

Running congen job: congen10np1.data
Running scatci job: ci10np1.data

Running congen job: congen11np1.data
Running scatci job: ci11np1.data

Running congen job: congen12np1.data
Running scatci job: ci12np1.data

Running congen job: congen13np1.data
Running scatci job: ci13np1.data

Running congen job: congen14np1.data
Running scatci job: ci14np1.data

Running congen job: congen15np1.data
Running scatci job: ci15np1.data

Running congen job: congen16np1.data
Running scatci job: ci16np1.data


Scattering state 1
Scattering state 2
Scattering state 3
Scattering state 4
Scattering state 5
Scattering state 6
Scattering state 7
Scattering state 8
Scattering state 9
Scattering state 10
Scattering state 11
Scattering state 12
Scattering state 13
Scattering state 14
Scattering state 15
Scattering state 16

R-Matrix generation for scattering state 1
R-Matrix generation for scattering state 2
R-Matrix generation for scattering state 3
R-Matrix generation for scattering state 4
R-Matrix generation for scattering state 5
R-Matrix generation for scattering state 6
R-Matrix generation for scattering state 7
R-Matrix generation for scattering state 8
R-Matrix generation for scattering state 9
R-Matrix generation for scattering state 10
R-Matrix generation for scattering state 11
R-Matrix generation for scattering state 12
R-Matrix generation for scattering state 13
R-Matrix generation for scattering state 14
R-Matrix generation for scattering state 15
R-Matrix generation for scattering state 16
Sorting phase shifts
Summing cross sections over the scattering symmetries: 
1Ag, 3Ag, 1B3u, 3B3u, 1B2u, 3B2u, 1B1g, 3B1g, 1B1u, 3B1u, 1B2g, 3B2g, 1B3g, 3B3g, 1Au, 3Au, 


Calculating born correction and adding to the summed cross section
*************************************************

Computing the Binary-Encounter-Bethe (BEB) ionisation cross section

*************************************************

By Koopman's theorem the ionisation energy of N2+ is 12.942 eV

BEB cross section written to /home/conner/soft/QNEE6.1/workspace/project/N2+_ES_CAS3_open5_20/results/xsec-beb.dat

*************************************************

Calculating the BE scaled born cross section

*************************************************

Ionisation energy from BEB =  12.942
State Number 	 Energy (eV) 	 Spin 	 Irrep 	 Dipole Transition Moment
State ... 01 / 10	000.000000000	Doublet	B2U	0.0
State ... 02 / 10	000.019047969	Doublet	B3U	-0.1162428
State ... 03 / 10	000.048980492	Doublet	AG	0.2054397
State ... 04 / 10	002.217727845	Quartet	B1U	0.0
State ... 05 / 10	003.064001906	Quartet	B3G	0.0
State ... 06 / 10	003.161962891	Quartet	B2G	0.0
State ... 07 / 10	003.221827937	Doublet	B1U	0.0
State ... 08 / 10	003.866737752	Quartet	AU	0.0
State ... 09 / 10	003.866737752	Quartet	B1U	0.0
State ... 10 / 10	003.991910121	Doublet	B3G	-0.2192303
1
2
3

Number of Dipole allowed transitions: 3
Calculating rate coefficients and Arrhenius parameters


*****************************************************

!!!IMPORTANT PLEASE READ THE FOLLOWING CAREFULLY!!!

*****************************************************

end.message
Date and time :Mon Aug 12 09:52:14 EDT 2024

=====================================================
R-matrix calculation of e-N2+ scattering complete
=====================================================

All important target and scattering data may be found in:
/home/conner/soft/QNEE6.1/workspace/project/N2+_ES_CAS3_open5_20/results

=====================================================
N2+ Target Quantum Chemistry Results Files
=====================================================

Quantemol-N produces:

target electronic energies;
target ground state configuration;
target transition moments
target vertical excitation energies

For ground state electron configuration see file 'moen_message.txt';
for target energies see file(s) 'target.prop' or 'trg.energy';
for target transition moments see 'target-all.prop'
Molecule spherical polarisability and, where appropriate, the diagonal components of the polarisability (see file 'molecule.polarisability')
For target vertical excitation energies see file 'SelectedTargetStates.txt'

=====================================================
N2+ Scattering Results Files
=====================================================


Quantemol-N produces:

eigenphase shifts;
total cross sections;
ionisation cross section using the Binary-Encounter-Bethe model;
rates
target vertical excitation energies

For resonances see file 'reson_message'
For eigenphase sum data see files 'eigenp1.dat' and eigenp3.dat
For total cross section data see file 'xsec_1.dat'
electronic excitation cross section are in file 'xsec-exc.dat
For rates data see file 'rates.dat'
K-matrix files have suffixes .kmat, the prefix symbols are the scattering states
R-matrix files have suffixes .rmat, the prefix symbols are the scattering states
T-matrix files have suffixes .tmat, the prefix symbols are the scattering states
Channel files have suffixes .channel, the prefix symbols are the scattering states
